<?xml version="1.0" encoding="UTF-8"?>
<testsuite xmlns:xsi="http://www.w3.org/2001/XMLSchema-instance" xsi:noNamespaceSchemaLocation="https://maven.apache.org/surefire/maven-surefire-plugin/xsd/surefire-test-report-3.0.xsd" version="3.0" name="TestSuite" time="1,415.56" tests="27" errors="0" skipped="0" failures="1">
  <properties>
    <property name="java.specification.version" value="23"/>
    <property name="sun.cpu.isalist" value="amd64"/>
    <property name="sun.jnu.encoding" value="Cp1252"/>
    <property name="java.class.path" value="C:\Users\Administrator\Downloads\Project\Project-main\CapstoneProject2\target\test-classes;C:\Users\Administrator\Downloads\Project\Project-main\CapstoneProject2\target\classes;C:\Users\Administrator\.m2\repository\junit\junit\3.8.1\junit-3.8.1.jar;C:\Users\Administrator\.m2\repository\org\seleniumhq\selenium\selenium-java\4.28.1\selenium-java-4.28.1.jar;C:\Users\Administrator\.m2\repository\org\seleniumhq\selenium\selenium-api\4.28.1\selenium-api-4.28.1.jar;C:\Users\Administrator\.m2\repository\org\jspecify\jspecify\1.0.0\jspecify-1.0.0.jar;C:\Users\Administrator\.m2\repository\org\seleniumhq\selenium\selenium-chrome-driver\4.28.1\selenium-chrome-driver-4.28.1.jar;C:\Users\Administrator\.m2\repository\com\google\auto\service\auto-service-annotations\1.1.1\auto-service-annotations-1.1.1.jar;C:\Users\Administrator\.m2\repository\org\seleniumhq\selenium\selenium-chromium-driver\4.28.1\selenium-chromium-driver-4.28.1.jar;C:\Users\Administrator\.m2\repository\org\seleniumhq\selenium\selenium-json\4.28.1\selenium-json-4.28.1.jar;C:\Users\Administrator\.m2\repository\org\seleniumhq\selenium\selenium-manager\4.28.1\selenium-manager-4.28.1.jar;C:\Users\Administrator\.m2\repository\org\seleniumhq\selenium\selenium-devtools-v130\4.28.1\selenium-devtools-v130-4.28.1.jar;C:\Users\Administrator\.m2\repository\org\seleniumhq\selenium\selenium-devtools-v131\4.28.1\selenium-devtools-v131-4.28.1.jar;C:\Users\Administrator\.m2\repository\org\seleniumhq\selenium\selenium-devtools-v132\4.28.1\selenium-devtools-v132-4.28.1.jar;C:\Users\Administrator\.m2\repository\org\seleniumhq\selenium\selenium-devtools-v85\4.28.1\selenium-devtools-v85-4.28.1.jar;C:\Users\Administrator\.m2\repository\org\seleniumhq\selenium\selenium-edge-driver\4.28.1\selenium-edge-driver-4.28.1.jar;C:\Users\Administrator\.m2\repository\org\seleniumhq\selenium\selenium-firefox-driver\4.28.1\selenium-firefox-driver-4.28.1.jar;C:\Users\Administrator\.m2\repository\org\seleniumhq\selenium\selenium-http\4.28.1\selenium-http-4.28.1.jar;C:\Users\Administrator\.m2\repository\org\seleniumhq\selenium\selenium-ie-driver\4.28.1\selenium-ie-driver-4.28.1.jar;C:\Users\Administrator\.m2\repository\org\seleniumhq\selenium\selenium-remote-driver\4.28.1\selenium-remote-driver-4.28.1.jar;C:\Users\Administrator\.m2\repository\io\opentelemetry\semconv\opentelemetry-semconv\1.28.0-alpha\opentelemetry-semconv-1.28.0-alpha.jar;C:\Users\Administrator\.m2\repository\io\opentelemetry\opentelemetry-api\1.46.0\opentelemetry-api-1.46.0.jar;C:\Users\Administrator\.m2\repository\io\opentelemetry\opentelemetry-context\1.46.0\opentelemetry-context-1.46.0.jar;C:\Users\Administrator\.m2\repository\io\opentelemetry\opentelemetry-exporter-logging\1.46.0\opentelemetry-exporter-logging-1.46.0.jar;C:\Users\Administrator\.m2\repository\io\opentelemetry\opentelemetry-sdk-common\1.46.0\opentelemetry-sdk-common-1.46.0.jar;C:\Users\Administrator\.m2\repository\io\opentelemetry\opentelemetry-sdk-extension-autoconfigure-spi\1.46.0\opentelemetry-sdk-extension-autoconfigure-spi-1.46.0.jar;C:\Users\Administrator\.m2\repository\io\opentelemetry\opentelemetry-sdk-extension-autoconfigure\1.46.0\opentelemetry-sdk-extension-autoconfigure-1.46.0.jar;C:\Users\Administrator\.m2\repository\io\opentelemetry\opentelemetry-api-incubator\1.46.0-alpha\opentelemetry-api-incubator-1.46.0-alpha.jar;C:\Users\Administrator\.m2\repository\io\opentelemetry\opentelemetry-sdk-trace\1.46.0\opentelemetry-sdk-trace-1.46.0.jar;C:\Users\Administrator\.m2\repository\io\opentelemetry\opentelemetry-sdk\1.46.0\opentelemetry-sdk-1.46.0.jar;C:\Users\Administrator\.m2\repository\io\opentelemetry\opentelemetry-sdk-metrics\1.46.0\opentelemetry-sdk-metrics-1.46.0.jar;C:\Users\Administrator\.m2\repository\io\opentelemetry\opentelemetry-sdk-logs\1.46.0\opentelemetry-sdk-logs-1.46.0.jar;C:\Users\Administrator\.m2\repository\net\bytebuddy\byte-buddy\1.15.11\byte-buddy-1.15.11.jar;C:\Users\Administrator\.m2\repository\org\seleniumhq\selenium\selenium-os\4.28.1\selenium-os-4.28.1.jar;C:\Users\Administrator\.m2\repository\org\apache\commons\commons-exec\1.4.0\commons-exec-1.4.0.jar;C:\Users\Administrator\.m2\repository\org\seleniumhq\selenium\selenium-safari-driver\4.28.1\selenium-safari-driver-4.28.1.jar;C:\Users\Administrator\.m2\repository\org\seleniumhq\selenium\selenium-support\4.28.1\selenium-support-4.28.1.jar;C:\Users\Administrator\.m2\repository\org\testng\testng\7.10.2\testng-7.10.2.jar;C:\Users\Administrator\.m2\repository\org\slf4j\slf4j-api\1.7.36\slf4j-api-1.7.36.jar;C:\Users\Administrator\.m2\repository\com\beust\jcommander\1.82\jcommander-1.82.jar;C:\Users\Administrator\.m2\repository\org\webjars\jquery\3.7.1\jquery-3.7.1.jar;C:\Users\Administrator\.m2\repository\com\googlecode\slf4j-maven-plugin-log\slf4j-maven-plugin-log\1.0.0\slf4j-maven-plugin-log-1.0.0.jar;C:\Users\Administrator\.m2\repository\org\apache\maven\maven-plugin-api\2.2.1\maven-plugin-api-2.2.1.jar;C:\Users\Administrator\.m2\repository\org\apache\logging\log4j\log4j-core\2.17.1\log4j-core-2.17.1.jar;C:\Users\Administrator\.m2\repository\org\apache\logging\log4j\log4j-api\2.17.1\log4j-api-2.17.1.jar;C:\Users\Administrator\.m2\repository\org\apache\poi\poi\5.3.0\poi-5.3.0.jar;C:\Users\Administrator\.m2\repository\commons-codec\commons-codec\1.17.0\commons-codec-1.17.0.jar;C:\Users\Administrator\.m2\repository\org\apache\commons\commons-collections4\4.4\commons-collections4-4.4.jar;C:\Users\Administrator\.m2\repository\org\apache\commons\commons-math3\3.6.1\commons-math3-3.6.1.jar;C:\Users\Administrator\.m2\repository\commons-io\commons-io\2.16.1\commons-io-2.16.1.jar;C:\Users\Administrator\.m2\repository\com\zaxxer\SparseBitSet\1.3\SparseBitSet-1.3.jar;C:\Users\Administrator\.m2\repository\org\apache\poi\poi-ooxml\5.3.0\poi-ooxml-5.3.0.jar;C:\Users\Administrator\.m2\repository\org\apache\poi\poi-ooxml-lite\5.3.0\poi-ooxml-lite-5.3.0.jar;C:\Users\Administrator\.m2\repository\org\apache\xmlbeans\xmlbeans\5.2.1\xmlbeans-5.2.1.jar;C:\Users\Administrator\.m2\repository\org\apache\commons\commons-compress\1.26.2\commons-compress-1.26.2.jar;C:\Users\Administrator\.m2\repository\com\github\virtuald\curvesapi\1.08\curvesapi-1.08.jar;C:\Users\Administrator\.m2\repository\com\aventstack\extentreports\5.1.1\extentreports-5.1.1.jar;C:\Users\Administrator\.m2\repository\io\reactivex\rxjava3\rxjava\3.1.6\rxjava-3.1.6.jar;C:\Users\Administrator\.m2\repository\org\reactivestreams\reactive-streams\1.0.4\reactive-streams-1.0.4.jar;C:\Users\Administrator\.m2\repository\org\freemarker\freemarker\2.3.32\freemarker-2.3.32.jar;C:\Users\Administrator\.m2\repository\org\projectlombok\lombok\1.18.26\lombok-1.18.26.jar;C:\Users\Administrator\.m2\repository\com\google\code\gson\gson\2.10.1\gson-2.10.1.jar;C:\Users\Administrator\.m2\repository\io\cucumber\cucumber-jvm-deps\1.0.6\cucumber-jvm-deps-1.0.6.jar;C:\Users\Administrator\.m2\repository\io\cucumber\gherkin\28.0.0\gherkin-28.0.0.jar;C:\Users\Administrator\.m2\repository\io\cucumber\messages\24.1.0\messages-24.1.0.jar;C:\Users\Administrator\.m2\repository\io\cucumber\cucumber-junit\7.20.1\cucumber-junit-7.20.1.jar;C:\Users\Administrator\.m2\repository\org\apiguardian\apiguardian-api\1.1.2\apiguardian-api-1.1.2.jar;C:\Users\Administrator\.m2\repository\io\cucumber\cucumber-core\7.20.1\cucumber-core-7.20.1.jar;C:\Users\Administrator\.m2\repository\io\cucumber\cucumber-gherkin\7.20.1\cucumber-gherkin-7.20.1.jar;C:\Users\Administrator\.m2\repository\io\cucumber\cucumber-gherkin-messages\7.20.1\cucumber-gherkin-messages-7.20.1.jar;C:\Users\Administrator\.m2\repository\io\cucumber\testng-xml-formatter\0.2.0\testng-xml-formatter-0.2.0.jar;C:\Users\Administrator\.m2\repository\io\cucumber\query\12.2.0\query-12.2.0.jar;C:\Users\Administrator\.m2\repository\io\cucumber\tag-expressions\6.1.0\tag-expressions-6.1.0.jar;C:\Users\Administrator\.m2\repository\io\cucumber\cucumber-expressions\17.1.0\cucumber-expressions-17.1.0.jar;C:\Users\Administrator\.m2\repository\io\cucumber\datatable\7.20.1\datatable-7.20.1.jar;C:\Users\Administrator\.m2\repository\io\cucumber\cucumber-plugin\7.20.1\cucumber-plugin-7.20.1.jar;C:\Users\Administrator\.m2\repository\io\cucumber\docstring\7.20.1\docstring-7.20.1.jar;C:\Users\Administrator\.m2\repository\io\cucumber\html-formatter\21.7.0\html-formatter-21.7.0.jar;C:\Users\Administrator\.m2\repository\io\cucumber\junit-xml-formatter\0.5.0\junit-xml-formatter-0.5.0.jar;C:\Users\Administrator\.m2\repository\io\cucumber\ci-environment\10.0.1\ci-environment-10.0.1.jar;C:\Users\Administrator\.m2\repository\io\cucumber\cucumber-java\7.20.1\cucumber-java-7.20.1.jar;C:\Users\Administrator\.m2\repository\io\cucumber\cucumber-testng\7.20.1\cucumber-testng-7.20.1.jar;C:\Users\Administrator\.m2\repository\io\cucumber\cucumber-picocontainer\7.20.1\cucumber-picocontainer-7.20.1.jar;C:\Users\Administrator\.m2\repository\org\picocontainer\picocontainer\2.15\picocontainer-2.15.jar;C:\Users\Administrator\.m2\repository\net\masterthought\cucumber-reporting\5.8.1\cucumber-reporting-5.8.1.jar;C:\Users\Administrator\.m2\repository\com\fasterxml\jackson\core\jackson-databind\2.17.0\jackson-databind-2.17.0.jar;C:\Users\Administrator\.m2\repository\com\fasterxml\jackson\core\jackson-annotations\2.17.0\jackson-annotations-2.17.0.jar;C:\Users\Administrator\.m2\repository\com\fasterxml\jackson\core\jackson-core\2.17.0\jackson-core-2.17.0.jar;C:\Users\Administrator\.m2\repository\com\fasterxml\jackson\datatype\jackson-datatype-jsr310\2.17.0\jackson-datatype-jsr310-2.17.0.jar;C:\Users\Administrator\.m2\repository\org\apache\velocity\velocity-engine-core\2.3\velocity-engine-core-2.3.jar;C:\Users\Administrator\.m2\repository\joda-time\joda-time\2.12.7\joda-time-2.12.7.jar;C:\Users\Administrator\.m2\repository\org\apache\commons\commons-configuration2\2.10.1\commons-configuration2-2.10.1.jar;C:\Users\Administrator\.m2\repository\org\apache\commons\commons-lang3\3.14.0\commons-lang3-3.14.0.jar;C:\Users\Administrator\.m2\repository\org\apache\commons\commons-text\1.11.0\commons-text-1.11.0.jar;C:\Users\Administrator\.m2\repository\org\jsoup\jsoup\1.17.2\jsoup-1.17.2.jar;C:\Users\Administrator\.m2\repository\com\googlecode\owasp-java-html-sanitizer\owasp-java-html-sanitizer\20220608.1\owasp-java-html-sanitizer-20220608.1.jar;C:\Users\Administrator\.m2\repository\com\google\guava\guava\33.1.0-jre\guava-33.1.0-jre.jar;C:\Users\Administrator\.m2\repository\com\google\guava\failureaccess\1.0.2\failureaccess-1.0.2.jar;C:\Users\Administrator\.m2\repository\com\google\guava\listenablefuture\9999.0-empty-to-avoid-conflict-with-guava\listenablefuture-9999.0-empty-to-avoid-conflict-with-guava.jar;C:\Users\Administrator\.m2\repository\com\google\code\findbugs\jsr305\3.0.2\jsr305-3.0.2.jar;C:\Users\Administrator\.m2\repository\org\checkerframework\checker-qual\3.42.0\checker-qual-3.42.0.jar;C:\Users\Administrator\.m2\repository\com\google\errorprone\error_prone_annotations\2.26.1\error_prone_annotations-2.26.1.jar;C:\Users\Administrator\.m2\repository\com\google\j2objc\j2objc-annotations\3.0.0\j2objc-annotations-3.0.0.jar;C:\Users\Administrator\.m2\repository\org\slf4j\jcl-over-slf4j\2.0.13\jcl-over-slf4j-2.0.13.jar;C:\Users\Administrator\.m2\repository\net\java\dev\jna\jna-platform\5.14.0\jna-platform-5.14.0.jar;C:\Users\Administrator\.m2\repository\net\java\dev\jna\jna\5.14.0\jna-5.14.0.jar;C:\Users\Administrator\.m2\repository\org\slf4j\slf4j-simple\2.0.7\slf4j-simple-2.0.7.jar;"/>
    <property name="java.vm.vendor" value="Eclipse Adoptium"/>
    <property name="sun.arch.data.model" value="64"/>
    <property name="user.variant" value=""/>
    <property name="java.vendor.url" value="https://adoptium.net/"/>
    <property name="user.timezone" value="America/Los_Angeles"/>
    <property name="os.name" value="Windows 10"/>
    <property name="java.vm.specification.version" value="23"/>
    <property name="sun.java.launcher" value="SUN_STANDARD"/>
    <property name="user.country" value="US"/>
    <property name="sun.boot.library.path" value="C:\Users\Administrator\.p2\pool\plugins\org.eclipse.justj.openjdk.hotspot.jre.full.win32.x86_64_23.0.2.v20250131-0604\jre\bin"/>
    <property name="sun.java.command" value="C:\Users\Administrator\AppData\Local\Temp\surefire6428601659019488593\surefirebooter-20250321021032846_3.jar C:\Users\Administrator\AppData\Local\Temp\surefire6428601659019488593 2025-03-21T02-10-32_198-jvmRun1 surefire-20250321021032846_1tmp surefire_0-20250321021032846_2tmp"/>
    <property name="jdk.debug" value="release"/>
    <property name="surefire.test.class.path" value="C:\Users\Administrator\Downloads\Project\Project-main\CapstoneProject2\target\test-classes;C:\Users\Administrator\Downloads\Project\Project-main\CapstoneProject2\target\classes;C:\Users\Administrator\.m2\repository\junit\junit\3.8.1\junit-3.8.1.jar;C:\Users\Administrator\.m2\repository\org\seleniumhq\selenium\selenium-java\4.28.1\selenium-java-4.28.1.jar;C:\Users\Administrator\.m2\repository\org\seleniumhq\selenium\selenium-api\4.28.1\selenium-api-4.28.1.jar;C:\Users\Administrator\.m2\repository\org\jspecify\jspecify\1.0.0\jspecify-1.0.0.jar;C:\Users\Administrator\.m2\repository\org\seleniumhq\selenium\selenium-chrome-driver\4.28.1\selenium-chrome-driver-4.28.1.jar;C:\Users\Administrator\.m2\repository\com\google\auto\service\auto-service-annotations\1.1.1\auto-service-annotations-1.1.1.jar;C:\Users\Administrator\.m2\repository\org\seleniumhq\selenium\selenium-chromium-driver\4.28.1\selenium-chromium-driver-4.28.1.jar;C:\Users\Administrator\.m2\repository\org\seleniumhq\selenium\selenium-json\4.28.1\selenium-json-4.28.1.jar;C:\Users\Administrator\.m2\repository\org\seleniumhq\selenium\selenium-manager\4.28.1\selenium-manager-4.28.1.jar;C:\Users\Administrator\.m2\repository\org\seleniumhq\selenium\selenium-devtools-v130\4.28.1\selenium-devtools-v130-4.28.1.jar;C:\Users\Administrator\.m2\repository\org\seleniumhq\selenium\selenium-devtools-v131\4.28.1\selenium-devtools-v131-4.28.1.jar;C:\Users\Administrator\.m2\repository\org\seleniumhq\selenium\selenium-devtools-v132\4.28.1\selenium-devtools-v132-4.28.1.jar;C:\Users\Administrator\.m2\repository\org\seleniumhq\selenium\selenium-devtools-v85\4.28.1\selenium-devtools-v85-4.28.1.jar;C:\Users\Administrator\.m2\repository\org\seleniumhq\selenium\selenium-edge-driver\4.28.1\selenium-edge-driver-4.28.1.jar;C:\Users\Administrator\.m2\repository\org\seleniumhq\selenium\selenium-firefox-driver\4.28.1\selenium-firefox-driver-4.28.1.jar;C:\Users\Administrator\.m2\repository\org\seleniumhq\selenium\selenium-http\4.28.1\selenium-http-4.28.1.jar;C:\Users\Administrator\.m2\repository\org\seleniumhq\selenium\selenium-ie-driver\4.28.1\selenium-ie-driver-4.28.1.jar;C:\Users\Administrator\.m2\repository\org\seleniumhq\selenium\selenium-remote-driver\4.28.1\selenium-remote-driver-4.28.1.jar;C:\Users\Administrator\.m2\repository\io\opentelemetry\semconv\opentelemetry-semconv\1.28.0-alpha\opentelemetry-semconv-1.28.0-alpha.jar;C:\Users\Administrator\.m2\repository\io\opentelemetry\opentelemetry-api\1.46.0\opentelemetry-api-1.46.0.jar;C:\Users\Administrator\.m2\repository\io\opentelemetry\opentelemetry-context\1.46.0\opentelemetry-context-1.46.0.jar;C:\Users\Administrator\.m2\repository\io\opentelemetry\opentelemetry-exporter-logging\1.46.0\opentelemetry-exporter-logging-1.46.0.jar;C:\Users\Administrator\.m2\repository\io\opentelemetry\opentelemetry-sdk-common\1.46.0\opentelemetry-sdk-common-1.46.0.jar;C:\Users\Administrator\.m2\repository\io\opentelemetry\opentelemetry-sdk-extension-autoconfigure-spi\1.46.0\opentelemetry-sdk-extension-autoconfigure-spi-1.46.0.jar;C:\Users\Administrator\.m2\repository\io\opentelemetry\opentelemetry-sdk-extension-autoconfigure\1.46.0\opentelemetry-sdk-extension-autoconfigure-1.46.0.jar;C:\Users\Administrator\.m2\repository\io\opentelemetry\opentelemetry-api-incubator\1.46.0-alpha\opentelemetry-api-incubator-1.46.0-alpha.jar;C:\Users\Administrator\.m2\repository\io\opentelemetry\opentelemetry-sdk-trace\1.46.0\opentelemetry-sdk-trace-1.46.0.jar;C:\Users\Administrator\.m2\repository\io\opentelemetry\opentelemetry-sdk\1.46.0\opentelemetry-sdk-1.46.0.jar;C:\Users\Administrator\.m2\repository\io\opentelemetry\opentelemetry-sdk-metrics\1.46.0\opentelemetry-sdk-metrics-1.46.0.jar;C:\Users\Administrator\.m2\repository\io\opentelemetry\opentelemetry-sdk-logs\1.46.0\opentelemetry-sdk-logs-1.46.0.jar;C:\Users\Administrator\.m2\repository\net\bytebuddy\byte-buddy\1.15.11\byte-buddy-1.15.11.jar;C:\Users\Administrator\.m2\repository\org\seleniumhq\selenium\selenium-os\4.28.1\selenium-os-4.28.1.jar;C:\Users\Administrator\.m2\repository\org\apache\commons\commons-exec\1.4.0\commons-exec-1.4.0.jar;C:\Users\Administrator\.m2\repository\org\seleniumhq\selenium\selenium-safari-driver\4.28.1\selenium-safari-driver-4.28.1.jar;C:\Users\Administrator\.m2\repository\org\seleniumhq\selenium\selenium-support\4.28.1\selenium-support-4.28.1.jar;C:\Users\Administrator\.m2\repository\org\testng\testng\7.10.2\testng-7.10.2.jar;C:\Users\Administrator\.m2\repository\org\slf4j\slf4j-api\1.7.36\slf4j-api-1.7.36.jar;C:\Users\Administrator\.m2\repository\com\beust\jcommander\1.82\jcommander-1.82.jar;C:\Users\Administrator\.m2\repository\org\webjars\jquery\3.7.1\jquery-3.7.1.jar;C:\Users\Administrator\.m2\repository\com\googlecode\slf4j-maven-plugin-log\slf4j-maven-plugin-log\1.0.0\slf4j-maven-plugin-log-1.0.0.jar;C:\Users\Administrator\.m2\repository\org\apache\maven\maven-plugin-api\2.2.1\maven-plugin-api-2.2.1.jar;C:\Users\Administrator\.m2\repository\org\apache\logging\log4j\log4j-core\2.17.1\log4j-core-2.17.1.jar;C:\Users\Administrator\.m2\repository\org\apache\logging\log4j\log4j-api\2.17.1\log4j-api-2.17.1.jar;C:\Users\Administrator\.m2\repository\org\apache\poi\poi\5.3.0\poi-5.3.0.jar;C:\Users\Administrator\.m2\repository\commons-codec\commons-codec\1.17.0\commons-codec-1.17.0.jar;C:\Users\Administrator\.m2\repository\org\apache\commons\commons-collections4\4.4\commons-collections4-4.4.jar;C:\Users\Administrator\.m2\repository\org\apache\commons\commons-math3\3.6.1\commons-math3-3.6.1.jar;C:\Users\Administrator\.m2\repository\commons-io\commons-io\2.16.1\commons-io-2.16.1.jar;C:\Users\Administrator\.m2\repository\com\zaxxer\SparseBitSet\1.3\SparseBitSet-1.3.jar;C:\Users\Administrator\.m2\repository\org\apache\poi\poi-ooxml\5.3.0\poi-ooxml-5.3.0.jar;C:\Users\Administrator\.m2\repository\org\apache\poi\poi-ooxml-lite\5.3.0\poi-ooxml-lite-5.3.0.jar;C:\Users\Administrator\.m2\repository\org\apache\xmlbeans\xmlbeans\5.2.1\xmlbeans-5.2.1.jar;C:\Users\Administrator\.m2\repository\org\apache\commons\commons-compress\1.26.2\commons-compress-1.26.2.jar;C:\Users\Administrator\.m2\repository\com\github\virtuald\curvesapi\1.08\curvesapi-1.08.jar;C:\Users\Administrator\.m2\repository\com\aventstack\extentreports\5.1.1\extentreports-5.1.1.jar;C:\Users\Administrator\.m2\repository\io\reactivex\rxjava3\rxjava\3.1.6\rxjava-3.1.6.jar;C:\Users\Administrator\.m2\repository\org\reactivestreams\reactive-streams\1.0.4\reactive-streams-1.0.4.jar;C:\Users\Administrator\.m2\repository\org\freemarker\freemarker\2.3.32\freemarker-2.3.32.jar;C:\Users\Administrator\.m2\repository\org\projectlombok\lombok\1.18.26\lombok-1.18.26.jar;C:\Users\Administrator\.m2\repository\com\google\code\gson\gson\2.10.1\gson-2.10.1.jar;C:\Users\Administrator\.m2\repository\io\cucumber\cucumber-jvm-deps\1.0.6\cucumber-jvm-deps-1.0.6.jar;C:\Users\Administrator\.m2\repository\io\cucumber\gherkin\28.0.0\gherkin-28.0.0.jar;C:\Users\Administrator\.m2\repository\io\cucumber\messages\24.1.0\messages-24.1.0.jar;C:\Users\Administrator\.m2\repository\io\cucumber\cucumber-junit\7.20.1\cucumber-junit-7.20.1.jar;C:\Users\Administrator\.m2\repository\org\apiguardian\apiguardian-api\1.1.2\apiguardian-api-1.1.2.jar;C:\Users\Administrator\.m2\repository\io\cucumber\cucumber-core\7.20.1\cucumber-core-7.20.1.jar;C:\Users\Administrator\.m2\repository\io\cucumber\cucumber-gherkin\7.20.1\cucumber-gherkin-7.20.1.jar;C:\Users\Administrator\.m2\repository\io\cucumber\cucumber-gherkin-messages\7.20.1\cucumber-gherkin-messages-7.20.1.jar;C:\Users\Administrator\.m2\repository\io\cucumber\testng-xml-formatter\0.2.0\testng-xml-formatter-0.2.0.jar;C:\Users\Administrator\.m2\repository\io\cucumber\query\12.2.0\query-12.2.0.jar;C:\Users\Administrator\.m2\repository\io\cucumber\tag-expressions\6.1.0\tag-expressions-6.1.0.jar;C:\Users\Administrator\.m2\repository\io\cucumber\cucumber-expressions\17.1.0\cucumber-expressions-17.1.0.jar;C:\Users\Administrator\.m2\repository\io\cucumber\datatable\7.20.1\datatable-7.20.1.jar;C:\Users\Administrator\.m2\repository\io\cucumber\cucumber-plugin\7.20.1\cucumber-plugin-7.20.1.jar;C:\Users\Administrator\.m2\repository\io\cucumber\docstring\7.20.1\docstring-7.20.1.jar;C:\Users\Administrator\.m2\repository\io\cucumber\html-formatter\21.7.0\html-formatter-21.7.0.jar;C:\Users\Administrator\.m2\repository\io\cucumber\junit-xml-formatter\0.5.0\junit-xml-formatter-0.5.0.jar;C:\Users\Administrator\.m2\repository\io\cucumber\ci-environment\10.0.1\ci-environment-10.0.1.jar;C:\Users\Administrator\.m2\repository\io\cucumber\cucumber-java\7.20.1\cucumber-java-7.20.1.jar;C:\Users\Administrator\.m2\repository\io\cucumber\cucumber-testng\7.20.1\cucumber-testng-7.20.1.jar;C:\Users\Administrator\.m2\repository\io\cucumber\cucumber-picocontainer\7.20.1\cucumber-picocontainer-7.20.1.jar;C:\Users\Administrator\.m2\repository\org\picocontainer\picocontainer\2.15\picocontainer-2.15.jar;C:\Users\Administrator\.m2\repository\net\masterthought\cucumber-reporting\5.8.1\cucumber-reporting-5.8.1.jar;C:\Users\Administrator\.m2\repository\com\fasterxml\jackson\core\jackson-databind\2.17.0\jackson-databind-2.17.0.jar;C:\Users\Administrator\.m2\repository\com\fasterxml\jackson\core\jackson-annotations\2.17.0\jackson-annotations-2.17.0.jar;C:\Users\Administrator\.m2\repository\com\fasterxml\jackson\core\jackson-core\2.17.0\jackson-core-2.17.0.jar;C:\Users\Administrator\.m2\repository\com\fasterxml\jackson\datatype\jackson-datatype-jsr310\2.17.0\jackson-datatype-jsr310-2.17.0.jar;C:\Users\Administrator\.m2\repository\org\apache\velocity\velocity-engine-core\2.3\velocity-engine-core-2.3.jar;C:\Users\Administrator\.m2\repository\joda-time\joda-time\2.12.7\joda-time-2.12.7.jar;C:\Users\Administrator\.m2\repository\org\apache\commons\commons-configuration2\2.10.1\commons-configuration2-2.10.1.jar;C:\Users\Administrator\.m2\repository\org\apache\commons\commons-lang3\3.14.0\commons-lang3-3.14.0.jar;C:\Users\Administrator\.m2\repository\org\apache\commons\commons-text\1.11.0\commons-text-1.11.0.jar;C:\Users\Administrator\.m2\repository\org\jsoup\jsoup\1.17.2\jsoup-1.17.2.jar;C:\Users\Administrator\.m2\repository\com\googlecode\owasp-java-html-sanitizer\owasp-java-html-sanitizer\20220608.1\owasp-java-html-sanitizer-20220608.1.jar;C:\Users\Administrator\.m2\repository\com\google\guava\guava\33.1.0-jre\guava-33.1.0-jre.jar;C:\Users\Administrator\.m2\repository\com\google\guava\failureaccess\1.0.2\failureaccess-1.0.2.jar;C:\Users\Administrator\.m2\repository\com\google\guava\listenablefuture\9999.0-empty-to-avoid-conflict-with-guava\listenablefuture-9999.0-empty-to-avoid-conflict-with-guava.jar;C:\Users\Administrator\.m2\repository\com\google\code\findbugs\jsr305\3.0.2\jsr305-3.0.2.jar;C:\Users\Administrator\.m2\repository\org\checkerframework\checker-qual\3.42.0\checker-qual-3.42.0.jar;C:\Users\Administrator\.m2\repository\com\google\errorprone\error_prone_annotations\2.26.1\error_prone_annotations-2.26.1.jar;C:\Users\Administrator\.m2\repository\com\google\j2objc\j2objc-annotations\3.0.0\j2objc-annotations-3.0.0.jar;C:\Users\Administrator\.m2\repository\org\slf4j\jcl-over-slf4j\2.0.13\jcl-over-slf4j-2.0.13.jar;C:\Users\Administrator\.m2\repository\net\java\dev\jna\jna-platform\5.14.0\jna-platform-5.14.0.jar;C:\Users\Administrator\.m2\repository\net\java\dev\jna\jna\5.14.0\jna-5.14.0.jar;C:\Users\Administrator\.m2\repository\org\slf4j\slf4j-simple\2.0.7\slf4j-simple-2.0.7.jar;"/>
    <property name="sun.cpu.endian" value="little"/>
    <property name="user.home" value="C:\Users\Administrator"/>
    <property name="user.language" value="en"/>
    <property name="java.specification.vendor" value="Oracle Corporation"/>
    <property name="java.version.date" value="2025-01-21"/>
    <property name="java.home" value="C:\Users\Administrator\.p2\pool\plugins\org.eclipse.justj.openjdk.hotspot.jre.full.win32.x86_64_23.0.2.v20250131-0604\jre"/>
    <property name="file.separator" value="\"/>
    <property name="basedir" value="C:\Users\Administrator\Downloads\Project\Project-main\CapstoneProject2"/>
    <property name="style.color" value="always"/>
    <property name="java.vm.compressedOopsMode" value="Zero based"/>
    <property name="line.separator" value="&#10;"/>
    <property name="java.vm.specification.vendor" value="Oracle Corporation"/>
    <property name="java.specification.name" value="Java Platform API Specification"/>
    <property name="surefire.real.class.path" value="C:\Users\Administrator\AppData\Local\Temp\surefire6428601659019488593\surefirebooter-20250321021032846_3.jar"/>
    <property name="user.script" value=""/>
    <property name="sun.management.compiler" value="HotSpot 64-Bit Tiered Compilers"/>
    <property name="java.runtime.version" value="23.0.2+7"/>
    <property name="user.name" value="Administrator"/>
    <property name="stdout.encoding" value="Cp1252"/>
    <property name="path.separator" value=";"/>
    <property name="os.version" value="10.0"/>
    <property name="java.runtime.name" value="OpenJDK Runtime Environment"/>
    <property name="file.encoding" value="UTF-8"/>
    <property name="java.vm.name" value="OpenJDK 64-Bit Server VM"/>
    <property name="java.vendor.version" value="Temurin-23.0.2+7"/>
    <property name="localRepository" value="C:\Users\Administrator\.m2\repository"/>
    <property name="java.vendor.url.bug" value="https://github.com/adoptium/adoptium-support/issues"/>
    <property name="java.io.tmpdir" value="C:\Users\ADMINI~1\AppData\Local\Temp\"/>
    <property name="java.version" value="23.0.2"/>
    <property name="user.dir" value="C:\Users\Administrator\Downloads\Project\Project-main\CapstoneProject2"/>
    <property name="os.arch" value="amd64"/>
    <property name="java.vm.specification.name" value="Java Virtual Machine Specification"/>
    <property name="sun.os.patch.level" value=""/>
    <property name="native.encoding" value="Cp1252"/>
    <property name="java.library.path" value="C:\Users\Administrator\.p2\pool\plugins\org.eclipse.justj.openjdk.hotspot.jre.full.win32.x86_64_23.0.2.v20250131-0604\jre\bin;C:\Windows\Sun\Java\bin;C:\Windows\system32;C:\Windows;C:/Users/Administrator/.p2/pool/plugins/org.eclipse.justj.openjdk.hotspot.jre.full.win32.x86_64_23.0.2.v20250131-0604/jre/bin/server;C:/Users/Administrator/.p2/pool/plugins/org.eclipse.justj.openjdk.hotspot.jre.full.win32.x86_64_23.0.2.v20250131-0604/jre/bin;C:\Program Files\Common Files\Oracle\Java\javapath;C:\Program Files\OpenLogic\jdk-21.0.6.7-hotspot\bin;C:\Program Files (x86)\Common Files\Oracle\Java\java8path;C:\Program Files (x86)\Common Files\Oracle\Java\javapath;C:\Windows\system32;C:\Windows;C:\Windows\System32\Wbem;C:\Windows\System32\WindowsPowerShell\v1.0\;C:\Windows\System32\OpenSSH\;C:\Program Files\Git\cmd;C:\Users\Administrator\Desktop\JarDownloads\Maven\apache-maven-3.9.9\bin;C:\Program Files (x86)\bin;C:\Program Files\Git\bin;C:\Users\Administrator\AppData\Local\Microsoft\WindowsApps;C:\apache-maven-3.9.9\bin;;C:\Users\Administrator\eclipse\jee-2024-12\eclipse;;."/>
    <property name="java.vm.info" value="mixed mode, sharing"/>
    <property name="stderr.encoding" value="Cp1252"/>
    <property name="java.vendor" value="Eclipse Adoptium"/>
    <property name="java.vm.version" value="23.0.2+7"/>
    <property name="sun.io.unicode.encoding" value="UnicodeLittle"/>
    <property name="java.class.version" value="67.0"/>
  </properties>
  <testcase name="runScenario[&quot;Register a new user&quot;, &quot;User Registration and Login&quot;](1)" classname="com.ecommerce.testRunners.RegisterRunner" time="39.777">
    <system-out><![CDATA[[warn] LoggerFactory has not been explicitly initialized. Default system-logger will be used. Please invoke StaticLoggerBinder#setLog(org.apache.maven.plugin.logging.Log) with Mojo's Log instance at the early start of your Mojo

@Register
Scenario Outline: Register a new user                           &amp#27;[90m# src/test/resources/features/Login.feature:19&amp#27;[0m
  &amp#27;[32mGiven &amp#27;[0m&amp#27;[32mUser is on the homepage&amp#27;[0m                                 &amp#27;[90m# com.ecommerce.stepDefination.RegistrationStepDefinition.user_is_on_the_homepage()&amp#27;[0m
  &amp#27;[32mWhen &amp#27;[0m&amp#27;[32mUser clicks on Signup or Login button&amp#27;[0m                    &amp#27;[90m# com.ecommerce.stepDefination.RegistrationStepDefinition.user_clicks_on_signup_or_login_button()&amp#27;[0m
  &amp#27;[32mAnd &amp#27;[0m&amp#27;[32mUser enters a new &amp#27;[0m&amp#27;[32m&amp#27;[1m"John"&amp#27;[0m&amp#27;[32m and &amp#27;[0m&amp#27;[32m&amp#27;[1m"john4006@gmail.com"&amp#27;[0m&amp#27;[32m address&amp#27;[0m &amp#27;[90m# com.ecommerce.stepDefination.RegistrationStepDefinition.user_enters_a_new_and_address(java.lang.String,java.lang.String)&amp#27;[0m
  &amp#27;[32mAnd &amp#27;[0m&amp#27;[32mUser clicks on Signup button&amp#27;[0m                              &amp#27;[90m# com.ecommerce.stepDefination.RegistrationStepDefinition.user_clicks_on_signup_button()&amp#27;[0m
  &amp#27;[32mThen &amp#27;[0m&amp#27;[32mUser should see ENTER ACCOUNT INFORMATION form&amp#27;[0m           &amp#27;[90m# com.ecommerce.stepDefination.RegistrationStepDefinition.user_should_see_enter_account_information_form()&amp#27;[0m
  &amp#27;[32mAnd &amp#27;[0m&amp#27;[32mUser enters account details&amp#27;[0m                               &amp#27;[90m# com.ecommerce.stepDefination.RegistrationStepDefinition.user_enters_account_details()&amp#27;[0m
  &amp#27;[32mAnd &amp#27;[0m&amp#27;[32mUser enters personal details and address information&amp#27;[0m      &amp#27;[90m# com.ecommerce.stepDefination.RegistrationStepDefinition.user_enters_personal_details_and_address_information()&amp#27;[0m
  &amp#27;[32mAnd &amp#27;[0m&amp#27;[32mUser clicks on Create Account button&amp#27;[0m                      &amp#27;[90m# com.ecommerce.stepDefination.RegistrationStepDefinition.user_clicks_on_create_account_button()&amp#27;[0m
  &amp#27;[32mThen &amp#27;[0m&amp#27;[32mUser should see &amp#27;[0m&amp#27;[32m&amp#27;[1m"Account Created!"&amp#27;[0m&amp#27;[32m message&amp#27;[0m               &amp#27;[90m# com.ecommerce.stepDefination.RegistrationStepDefinition.user_should_see_message(java.lang.String)&amp#27;[0m
]]></system-out>
    <system-err><![CDATA[Mar 21, 2025 2:10:44 AM org.openqa.selenium.devtools.CdpVersionFinder findNearestMatch
WARNING: Unable to find an exact match for CDP version 134, returning the closest version; found: 132; Please update to a Selenium version that supports CDP version 134
]]></system-err>
  </testcase>
  <testcase name="runScenario[&quot;Register a new user&quot;, &quot;User Registration and Login&quot;](2)" classname="com.ecommerce.testRunners.RegisterRunner" time="38.209">
    <system-out><![CDATA[
@Register
Scenario Outline: Register a new user                           &amp#27;[90m# src/test/resources/features/Login.feature:20&amp#27;[0m
  &amp#27;[32mGiven &amp#27;[0m&amp#27;[32mUser is on the homepage&amp#27;[0m                                 &amp#27;[90m# com.ecommerce.stepDefination.RegistrationStepDefinition.user_is_on_the_homepage()&amp#27;[0m
  &amp#27;[32mWhen &amp#27;[0m&amp#27;[32mUser clicks on Signup or Login button&amp#27;[0m                    &amp#27;[90m# com.ecommerce.stepDefination.RegistrationStepDefinition.user_clicks_on_signup_or_login_button()&amp#27;[0m
  &amp#27;[32mAnd &amp#27;[0m&amp#27;[32mUser enters a new &amp#27;[0m&amp#27;[32m&amp#27;[1m"Emily"&amp#27;[0m&amp#27;[32m and &amp#27;[0m&amp#27;[32m&amp#27;[1m"emily78@gmail.com"&amp#27;[0m&amp#27;[32m address&amp#27;[0m &amp#27;[90m# com.ecommerce.stepDefination.RegistrationStepDefinition.user_enters_a_new_and_address(java.lang.String,java.lang.String)&amp#27;[0m
  &amp#27;[32mAnd &amp#27;[0m&amp#27;[32mUser clicks on Signup button&amp#27;[0m                              &amp#27;[90m# com.ecommerce.stepDefination.RegistrationStepDefinition.user_clicks_on_signup_button()&amp#27;[0m
  &amp#27;[32mThen &amp#27;[0m&amp#27;[32mUser should see ENTER ACCOUNT INFORMATION form&amp#27;[0m           &amp#27;[90m# com.ecommerce.stepDefination.RegistrationStepDefinition.user_should_see_enter_account_information_form()&amp#27;[0m
  &amp#27;[32mAnd &amp#27;[0m&amp#27;[32mUser enters account details&amp#27;[0m                               &amp#27;[90m# com.ecommerce.stepDefination.RegistrationStepDefinition.user_enters_account_details()&amp#27;[0m
  &amp#27;[32mAnd &amp#27;[0m&amp#27;[32mUser enters personal details and address information&amp#27;[0m      &amp#27;[90m# com.ecommerce.stepDefination.RegistrationStepDefinition.user_enters_personal_details_and_address_information()&amp#27;[0m
  &amp#27;[32mAnd &amp#27;[0m&amp#27;[32mUser clicks on Create Account button&amp#27;[0m                      &amp#27;[90m# com.ecommerce.stepDefination.RegistrationStepDefinition.user_clicks_on_create_account_button()&amp#27;[0m
  &amp#27;[32mThen &amp#27;[0m&amp#27;[32mUser should see &amp#27;[0m&amp#27;[32m&amp#27;[1m"Account Created!"&amp#27;[0m&amp#27;[32m message&amp#27;[0m               &amp#27;[90m# com.ecommerce.stepDefination.RegistrationStepDefinition.user_should_see_message(java.lang.String)&amp#27;[0m
]]></system-out>
    <system-err><![CDATA[Mar 21, 2025 2:11:22 AM org.openqa.selenium.devtools.CdpVersionFinder findNearestMatch
WARNING: Unable to find an exact match for CDP version 134, returning the closest version; found: 132; Please update to a Selenium version that supports CDP version 134
]]></system-err>
  </testcase>
  <testcase name="runScenario[&quot;Login with valid credentials&quot;, &quot;User Registration and Login&quot;](3)" classname="com.ecommerce.testRunners.RegisterRunner" time="23.393">
    <system-out><![CDATA[
@Login
Scenario Outline: Login with valid credentials                  &amp#27;[90m# src/test/resources/features/Login.feature:31&amp#27;[0m
  &amp#27;[32mGiven &amp#27;[0m&amp#27;[32mUser is on the homepage&amp#27;[0m                                 &amp#27;[90m# com.ecommerce.stepDefination.RegistrationStepDefinition.user_is_on_the_homepage()&amp#27;[0m
  &amp#27;[32mWhen &amp#27;[0m&amp#27;[32mUser clicks on Signup or Login button&amp#27;[0m                    &amp#27;[90m# com.ecommerce.stepDefination.RegistrationStepDefinition.user_clicks_on_signup_or_login_button()&amp#27;[0m
  &amp#27;[32mThen &amp#27;[0m&amp#27;[32mUser should see &amp#27;[0m&amp#27;[32m&amp#27;[1m"Login to your account"&amp#27;[0m                  &amp#27;[90m# com.ecommerce.stepDefination.RegistrationStepDefinition.user_should_see(java.lang.String)&amp#27;[0m
  &amp#27;[32mAnd &amp#27;[0m&amp#27;[32mUser enters valid &amp#27;[0m&amp#27;[32m&amp#27;[1m"testuser23@test.com"&amp#27;[0m&amp#27;[32m and &amp#27;[0m&amp#27;[32m&amp#27;[1m"Akshay2001@"&amp#27;[0m &amp#27;[90m# com.ecommerce.stepDefination.RegistrationStepDefinition.user_enters_valid_and(java.lang.String,java.lang.String)&amp#27;[0m
  &amp#27;[32mThen &amp#27;[0m&amp#27;[32mUser clicks on Login button&amp#27;[0m                              &amp#27;[90m# com.ecommerce.stepDefination.RegistrationStepDefinition.user_clicks_on_login_button()&amp#27;[0m
]]></system-out>
    <system-err><![CDATA[Mar 21, 2025 2:12:00 AM org.openqa.selenium.devtools.CdpVersionFinder findNearestMatch
WARNING: Unable to find an exact match for CDP version 134, returning the closest version; found: 132; Please update to a Selenium version that supports CDP version 134
]]></system-err>
  </testcase>
  <testcase name="runScenario[&quot;Login User with incorrect credentials&quot;, &quot;User Registration and Login&quot;](4)" classname="com.ecommerce.testRunners.RegisterRunner" time="18.093">
    <system-out><![CDATA[
@LoginInvalid
Scenario Outline: Login User with incorrect credentials          &amp#27;[90m# src/test/resources/features/Login.feature:42&amp#27;[0m
  &amp#27;[32mGiven &amp#27;[0m&amp#27;[32mUser is on the homepage&amp#27;[0m                                  &amp#27;[90m# com.ecommerce.stepDefination.RegistrationStepDefinition.user_is_on_the_homepage()&amp#27;[0m
  &amp#27;[32mWhen &amp#27;[0m&amp#27;[32mUser clicks on Signup or Login button&amp#27;[0m                     &amp#27;[90m# com.ecommerce.stepDefination.RegistrationStepDefinition.user_clicks_on_signup_or_login_button()&amp#27;[0m
  &amp#27;[32mAnd &amp#27;[0m&amp#27;[32mUser enters invalid &amp#27;[0m&amp#27;[32m&amp#27;[1m"wronguser@test.com"&amp#27;[0m&amp#27;[32m and &amp#27;[0m&amp#27;[32m&amp#27;[1m"Wrong123"&amp#27;[0m    &amp#27;[90m# com.ecommerce.stepDefination.RegistrationStepDefinition.user_enters_invalid_and(java.lang.String,java.lang.String)&amp#27;[0m
  &amp#27;[32mAnd &amp#27;[0m&amp#27;[32mUser clicks on Login button&amp#27;[0m                                &amp#27;[90m# com.ecommerce.stepDefination.RegistrationStepDefinition.user_clicks_on_login_button()&amp#27;[0m
  &amp#27;[32mThen &amp#27;[0m&amp#27;[32mUser should see &amp#27;[0m&amp#27;[32m&amp#27;[1m"Invalid login credentials"&amp#27;[0m&amp#27;[32m error message&amp#27;[0m &amp#27;[90m# com.ecommerce.stepDefination.RegistrationStepDefinition.user_should_see_error_message(java.lang.String)&amp#27;[0m
]]></system-out>
    <system-err><![CDATA[Mar 21, 2025 2:12:24 AM org.openqa.selenium.devtools.CdpVersionFinder findNearestMatch
WARNING: Unable to find an exact match for CDP version 134, returning the closest version; found: 132; Please update to a Selenium version that supports CDP version 134
]]></system-err>
  </testcase>
  <testcase name="runScenario[&quot;Verify user is able to log in and log out successfully&quot;, &quot;User Registration and Login&quot;](5)" classname="com.ecommerce.testRunners.RegisterRunner" time="25.105">
    <system-out><![CDATA[
@Logout
Scenario Outline: Verify user is able to log in and log out successfully    &amp#27;[90m# src/test/resources/features/Login.feature:56&amp#27;[0m
  &amp#27;[32mGiven &amp#27;[0m&amp#27;[32mUser is on the homepage&amp#27;[0m                                             &amp#27;[90m# com.ecommerce.stepDefination.RegistrationStepDefinition.user_is_on_the_homepage()&amp#27;[0m
  &amp#27;[32mWhen &amp#27;[0m&amp#27;[32mUser clicks on Signup or Login button&amp#27;[0m                                &amp#27;[90m# com.ecommerce.stepDefination.RegistrationStepDefinition.user_clicks_on_signup_or_login_button()&amp#27;[0m
  &amp#27;[32mThen &amp#27;[0m&amp#27;[32mI should see Login to your account&amp#27;[0m                                   &amp#27;[90m# com.ecommerce.stepDefination.RegistrationStepDefinition.i_should_see()&amp#27;[0m
  &amp#27;[32mWhen &amp#27;[0m&amp#27;[32mI enter valid email &amp#27;[0m&amp#27;[32m&amp#27;[1m"testuser23@test.com"&amp#27;[0m&amp#27;[32m and password &amp#27;[0m&amp#27;[32m&amp#27;[1m"Akshay2001@"&amp#27;[0m &amp#27;[90m# com.ecommerce.stepDefination.RegistrationStepDefinition.i_enter_valid_email_and_password(java.lang.String,java.lang.String)&amp#27;[0m
  &amp#27;[32mAnd &amp#27;[0m&amp#27;[32mI click on the Login button&amp#27;[0m                                           &amp#27;[90m# com.ecommerce.stepDefination.RegistrationStepDefinition.click_on_login_button()&amp#27;[0m
  &amp#27;[32mThen &amp#27;[0m&amp#27;[32mI should see Logged in as &amp#27;[0m&amp#27;[32m&amp#27;[1m"Testuser"&amp#27;[0m                                 &amp#27;[90m# com.ecommerce.stepDefination.RegistrationStepDefinition.logged_as_username(java.lang.String)&amp#27;[0m
  &amp#27;[32mWhen &amp#27;[0m&amp#27;[32mI click on the Logout button&amp#27;[0m                                         &amp#27;[90m# com.ecommerce.stepDefination.RegistrationStepDefinition.i_click_on_the_logout_button()&amp#27;[0m
  &amp#27;[32mThen &amp#27;[0m&amp#27;[32mI should be navigated back to the login page&amp#27;[0m                         &amp#27;[90m# com.ecommerce.stepDefination.RegistrationStepDefinition.i_should_be_navigated_back_to_the_login_page()&amp#27;[0m
]]></system-out>
    <system-err><![CDATA[Mar 21, 2025 2:12:42 AM org.openqa.selenium.devtools.CdpVersionFinder findNearestMatch
WARNING: Unable to find an exact match for CDP version 134, returning the closest version; found: 132; Please update to a Selenium version that supports CDP version 134
]]></system-err>
  </testcase>
  <testcase name="runScenario[&quot;Verify user cannot register with an already registered email&quot;, &quot;User Registration and Login&quot;](6)" classname="com.ecommerce.testRunners.RegisterRunner" time="17.642">
    <system-out><![CDATA[
@LoginExisting
Scenario Outline: Verify user cannot register with an already registered email            &amp#27;[90m# src/test/resources/features/Login.feature:68&amp#27;[0m
  &amp#27;[32mGiven &amp#27;[0m&amp#27;[32mUser is on the homepage&amp#27;[0m                                                           &amp#27;[90m# com.ecommerce.stepDefination.RegistrationStepDefinition.user_is_on_the_homepage()&amp#27;[0m
  &amp#27;[32mWhen &amp#27;[0m&amp#27;[32mUser clicks on Signup or Login button&amp#27;[0m                                              &amp#27;[90m# com.ecommerce.stepDefination.RegistrationStepDefinition.user_clicks_on_signup_or_login_button()&amp#27;[0m
  &amp#27;[32mThen &amp#27;[0m&amp#27;[32mUser should see New User Signup! text&amp#27;[0m                                              &amp#27;[90m# com.ecommerce.stepDefination.RegistrationStepDefinition.user_should_see_text()&amp#27;[0m
  &amp#27;[32mWhen &amp#27;[0m&amp#27;[32mUser enters name &amp#27;[0m&amp#27;[32m&amp#27;[1m"Akshay"&amp#27;[0m&amp#27;[32m and already registered email &amp#27;[0m&amp#27;[32m&amp#27;[1m"bollamakshay756@gmail.com"&amp#27;[0m &amp#27;[90m# com.ecommerce.stepDefination.RegistrationStepDefinition.user_enters_name_and_already_registered_email(java.lang.String,java.lang.String)&amp#27;[0m
  &amp#27;[32mAnd &amp#27;[0m&amp#27;[32mUser clicks on the Signup button&amp#27;[0m                                                    &amp#27;[90m# com.ecommerce.stepDefination.RegistrationStepDefinition.user_clicks_on_the_signup_button()&amp#27;[0m
  &amp#27;[32mThen &amp#27;[0m&amp#27;[32mUser should see an error message &amp#27;[0m&amp#27;[32m&amp#27;[1m"Email Address already exist!"&amp#27;[0m                    &amp#27;[90m# com.ecommerce.stepDefination.RegistrationStepDefinition.user_should_see_an_error_message(java.lang.String)&amp#27;[0m
]]></system-out>
    <system-err><![CDATA[Mar 21, 2025 2:13:07 AM org.openqa.selenium.devtools.CdpVersionFinder findNearestMatch
WARNING: Unable to find an exact match for CDP version 134, returning the closest version; found: 132; Please update to a Selenium version that supports CDP version 134
]]></system-err>
  </testcase>
  <testcase name="runScenario[&quot;User submits the contact form successfully&quot;, &quot;User Registration and Login&quot;](7)" classname="com.ecommerce.testRunners.RegisterRunner" time="106.267">
    <system-out><![CDATA[
@ContactUs
Scenario: User submits the contact form successfully                                            &amp#27;[90m# src/test/resources/features/Login.feature:71&amp#27;[0m
  &amp#27;[32mGiven &amp#27;[0m&amp#27;[32mUser is on the homepage&amp#27;[0m                                                                 &amp#27;[90m# com.ecommerce.stepDefination.RegistrationStepDefinition.user_is_on_the_homepage()&amp#27;[0m
  &amp#27;[32mWhen &amp#27;[0m&amp#27;[32mI navigate to the Contact Us page&amp#27;[0m                                                        &amp#27;[90m# com.ecommerce.stepDefination.RegistrationStepDefinition.i_navigate_to_the_contact_us_page()&amp#27;[0m
  &amp#27;[32mThen &amp#27;[0m&amp#27;[32mI should see the GET IN TOUCH heading&amp#27;[0m                                                    &amp#27;[90m# com.ecommerce.stepDefination.RegistrationStepDefinition.i_should_see_the_get_in_touch_heading()&amp#27;[0m
  &amp#27;[32mWhen &amp#27;[0m&amp#27;[32mI fill in the contact form with details&amp#27;[0m                                                  &amp#27;[90m# com.ecommerce.stepDefination.RegistrationStepDefinition.i_fill_in_the_contact_form_with_details()&amp#27;[0m
  &amp#27;[32mAnd &amp#27;[0m&amp#27;[32mI upload a file&amp#27;[0m                                                                           &amp#27;[90m# com.ecommerce.stepDefination.RegistrationStepDefinition.i_upload_a_file()&amp#27;[0m
  &amp#27;[32mAnd &amp#27;[0m&amp#27;[32mI click the Submit button and accept the alert&amp#27;[0m                                            &amp#27;[90m# com.ecommerce.stepDefination.RegistrationStepDefinition.i_click_the_submit_button_and_accept_the_alert()&amp#27;[0m
  &amp#27;[32mThen &amp#27;[0m&amp#27;[32mI should see the success message Success! Your details have been submitted successfully.&amp#27;[0m &amp#27;[90m# com.ecommerce.stepDefination.RegistrationStepDefinition.i_should_see_the_success_message_success_your_details_have_been_submitted_successfully()&amp#27;[0m
  &amp#27;[32mWhen &amp#27;[0m&amp#27;[32mI click the Home button&amp#27;[0m                                                                  &amp#27;[90m# com.ecommerce.stepDefination.RegistrationStepDefinition.i_click_the_home_button()&amp#27;[0m
  &amp#27;[32mThen &amp#27;[0m&amp#27;[32mI should be redirected to the home page&amp#27;[0m                                                  &amp#27;[90m# com.ecommerce.stepDefination.RegistrationStepDefinition.i_should_be_redirected_to_the_home_page()&amp#27;[0m
]]></system-out>
    <system-err><![CDATA[Mar 21, 2025 2:13:24 AM org.openqa.selenium.devtools.CdpVersionFinder findNearestMatch
WARNING: Unable to find an exact match for CDP version 134, returning the closest version; found: 132; Please update to a Selenium version that supports CDP version 134
]]></system-err>
  </testcase>
  <testcase name="runScenario[&quot;User navigates to the Test Cases page successfully&quot;, &quot;User Registration and Login&quot;](8)" classname="com.ecommerce.testRunners.RegisterRunner" time="39.598">
    <system-out><![CDATA[
@TestCases
Scenario: User navigates to the Test Cases page successfully &amp#27;[90m# src/test/resources/features/Login.feature:82&amp#27;[0m
  &amp#27;[32mGiven &amp#27;[0m&amp#27;[32mUser is on the homepage&amp#27;[0m                              &amp#27;[90m# com.ecommerce.stepDefination.RegistrationStepDefinition.user_is_on_the_homepage()&amp#27;[0m
  &amp#27;[32mWhen &amp#27;[0m&amp#27;[32mI click on the Test Cases button&amp#27;[0m                      &amp#27;[90m# com.ecommerce.stepDefination.RegistrationStepDefinition.i_click_on_the_test_cases_button()&amp#27;[0m
  &amp#27;[32mThen &amp#27;[0m&amp#27;[32mI should be redirected to the Test Cases page&amp#27;[0m         &amp#27;[90m# com.ecommerce.stepDefination.RegistrationStepDefinition.i_should_be_redirected_to_the_test_cases_page()&amp#27;[0m
]]></system-out>
    <system-err><![CDATA[Mar 21, 2025 2:15:10 AM org.openqa.selenium.devtools.CdpVersionFinder findNearestMatch
WARNING: Unable to find an exact match for CDP version 134, returning the closest version; found: 132; Please update to a Selenium version that supports CDP version 134
]]></system-err>
  </testcase>
  <testcase name="runScenario[&quot;User successfully subscribes using different emails&quot;, &quot;User Registration and Login&quot;](9)" classname="com.ecommerce.testRunners.RegisterRunner" time="35.058">
    <system-out><![CDATA[
@VerifySubscription
Scenario Outline: User successfully subscribes using different emails          &amp#27;[90m# src/test/resources/features/Login.feature:94&amp#27;[0m
  &amp#27;[32mGiven &amp#27;[0m&amp#27;[32mUser is on the homepage&amp#27;[0m                                                &amp#27;[90m# com.ecommerce.stepDefination.RegistrationStepDefinition.user_is_on_the_homepage()&amp#27;[0m
Subscription success message did not appear within the wait time.
  &amp#27;[32mWhen &amp#27;[0m&amp#27;[32mI scroll down to the Subscription section&amp#27;[0m                               &amp#27;[90m# com.ecommerce.stepDefination.RegistrationStepDefinition.i_scroll_down_to_the_subscription_section()&amp#27;[0m
  &amp#27;[32mAnd &amp#27;[0m&amp#27;[32mI enter my email &amp#27;[0m&amp#27;[32m&amp#27;[1m"user1@test.com"&amp#27;[0m&amp#27;[32m and click subscribe&amp#27;[0m                    &amp#27;[90m# com.ecommerce.stepDefination.RegistrationStepDefinition.i_enter_my_email_and_click_subscribe(java.lang.String)&amp#27;[0m
  &amp#27;[32mThen &amp#27;[0m&amp#27;[32mI should see the success message You have been successfully subscribed!&amp#27;[0m &amp#27;[90m# com.ecommerce.stepDefination.RegistrationStepDefinition.i_should_see_the_success_message_you_have_been_successfully_subscribed()&amp#27;[0m
]]></system-out>
    <system-err><![CDATA[Mar 21, 2025 2:15:50 AM org.openqa.selenium.devtools.CdpVersionFinder findNearestMatch
WARNING: Unable to find an exact match for CDP version 134, returning the closest version; found: 132; Please update to a Selenium version that supports CDP version 134
]]></system-err>
  </testcase>
  <testcase name="runScenario[&quot;User adds a recommended item to the cart and verifies it&quot;, &quot;User Registration and Login&quot;](10)" classname="com.ecommerce.testRunners.RegisterRunner" time="108.697">
    <system-out><![CDATA[
@Recommended
Scenario: User adds a recommended item to the cart and verifies it &amp#27;[90m# src/test/resources/features/Login.feature:99&amp#27;[0m
  &amp#27;[32mGiven &amp#27;[0m&amp#27;[32mUser is on the homepage&amp#27;[0m                                    &amp#27;[90m# com.ecommerce.stepDefination.RegistrationStepDefinition.user_is_on_the_homepage()&amp#27;[0m
  &amp#27;[32mWhen &amp#27;[0m&amp#27;[32mUser scrolls to the bottom of the page&amp#27;[0m                      &amp#27;[90m# com.ecommerce.stepDefination.RegistrationStepDefinition.user_scrolls_to_the_bottom_of_the_page()&amp#27;[0m
  &amp#27;[32mThen &amp#27;[0m&amp#27;[32mUser should see the RECOMMENDED ITEMS section&amp#27;[0m               &amp#27;[90m# com.ecommerce.stepDefination.RegistrationStepDefinition.user_should_see_the_recommended_items_section()&amp#27;[0m
  &amp#27;[32mWhen &amp#27;[0m&amp#27;[32mUser clicks Add To Cart on a recommended product&amp#27;[0m            &amp#27;[90m# com.ecommerce.stepDefination.RegistrationStepDefinition.user_clicks_add_to_cart_on_a_recommended_product()&amp#27;[0m
  &amp#27;[32mAnd &amp#27;[0m&amp#27;[32mUser clicks View Cart button&amp#27;[0m                                 &amp#27;[90m# com.ecommerce.stepDefination.RegistrationStepDefinition.user_clicks_view_cart_button()&amp#27;[0m
  &amp#27;[32mThen &amp#27;[0m&amp#27;[32mThe product should be displayed in the cart&amp#27;[0m                 &amp#27;[90m# com.ecommerce.stepDefination.RegistrationStepDefinition.the_product_should_be_displayed_in_the_cart()&amp#27;[0m
]]></system-out>
    <system-err><![CDATA[Mar 21, 2025 2:16:25 AM org.openqa.selenium.devtools.CdpVersionFinder findNearestMatch
WARNING: Unable to find an exact match for CDP version 134, returning the closest version; found: 132; Please update to a Selenium version that supports CDP version 134
]]></system-err>
  </testcase>
  <testcase name="runScenario[&quot;User verifies scroll up and scroll down on home page&quot;, &quot;User Registration and Login&quot;](11)" classname="com.ecommerce.testRunners.RegisterRunner" time="12.364">
    <system-out><![CDATA[
@scrolluparrow
Scenario Outline: User verifies scroll up and scroll down on home page &amp#27;[90m# src/test/resources/features/Login.feature:107&amp#27;[0m
  &amp#27;[32mGiven &amp#27;[0m&amp#27;[32mUser is on the homepage&amp#27;[0m                                        &amp#27;[90m# com.ecommerce.stepDefination.RegistrationStepDefinition.user_is_on_the_homepage()&amp#27;[0m
  &amp#27;[32mThen &amp#27;[0m&amp#27;[32mI should see the home page&amp#27;[0m                                      &amp#27;[90m# com.ecommerce.stepDefination.RegistrationStepDefinition.i_should_see_the_home_page()&amp#27;[0m
  &amp#27;[32mWhen &amp#27;[0m&amp#27;[32mI scroll down to the bottom of the page&amp#27;[0m                         &amp#27;[90m# com.ecommerce.stepDefination.RegistrationStepDefinition.i_scroll_down_to_the_bottom_of_the_page()&amp#27;[0m
  &amp#27;[32mThen &amp#27;[0m&amp#27;[32mI should see Subscription text&amp#27;[0m                                  &amp#27;[90m# com.ecommerce.stepDefination.RegistrationStepDefinition.i_should_see_subscription_text()&amp#27;[0m
  &amp#27;[32mWhen &amp#27;[0m&amp#27;[32mI click on the button arrow button&amp#27;[0m                              &amp#27;[90m# com.ecommerce.stepDefination.RegistrationStepDefinition.i_click_on_the_button_arrow_button()&amp#27;[0m
  &amp#27;[32mThen &amp#27;[0m&amp#27;[32mI should see expectedText on screen&amp#27;[0m                             &amp#27;[90m# com.ecommerce.stepDefination.RegistrationStepDefinition.i_should_see_expected_text_on_screen()&amp#27;[0m
]]></system-out>
    <system-err><![CDATA[Mar 21, 2025 2:18:14 AM org.openqa.selenium.devtools.CdpVersionFinder findNearestMatch
WARNING: Unable to find an exact match for CDP version 134, returning the closest version; found: 132; Please update to a Selenium version that supports CDP version 134
]]></system-err>
  </testcase>
  <testcase name="runScenario[&quot;User verifies scroll up and scroll down without using arrow button&quot;, &quot;User Registration and Login&quot;](12)" classname="com.ecommerce.testRunners.RegisterRunner" time="187.568">
    <failure message="java.util.concurrent.TimeoutException&#10;Build info: version: &apos;4.28.1&apos;, revision: &apos;73f5ad48a2&apos;&#10;System info: os.name: &apos;Windows 10&apos;, os.arch: &apos;amd64&apos;, os.version: &apos;10.0&apos;, java.version: &apos;23.0.2&apos;&#10;Driver info: org.openqa.selenium.chrome.ChromeDriver&#10;Command: [972d8e18a89308618894a4b79d81d519, get {url=https://automationexercise.com/}]&#10;Capabilities {acceptInsecureCerts: false, browserName: chrome, browserVersion: 134.0.6998.118, chrome: {chromedriverVersion: 134.0.6998.90 (219ee74681fc..., userDataDir: C:\Windows\SystemTemp\scope...}, fedcm:accounts: true, goog:chromeOptions: {debuggerAddress: localhost:50394}, networkConnectionEnabled: false, pageLoadStrategy: normal, platformName: windows, proxy: Proxy(), se:cdp: ws://localhost:50394/devtoo..., se:cdpVersion: 134.0.6998.118, setWindowRect: true, strictFileInteractability: false, timeouts: {implicit: 0, pageLoad: 300000, script: 30000}, unhandledPromptBehavior: dismiss and notify, webauthn:extension:credBlob: true, webauthn:extension:largeBlob: true, webauthn:extension:minPinLength: true, webauthn:extension:prf: true, webauthn:virtualAuthenticators: true}&#10;Session ID: 972d8e18a89308618894a4b79d81d519" type="org.openqa.selenium.TimeoutException"><![CDATA[org.openqa.selenium.TimeoutException: 
java.util.concurrent.TimeoutException
Build info: version: '4.28.1', revision: '73f5ad48a2'
System info: os.name: 'Windows 10', os.arch: 'amd64', os.version: '10.0', java.version: '23.0.2'
Driver info: org.openqa.selenium.chrome.ChromeDriver
Command: [972d8e18a89308618894a4b79d81d519, get {url=https://automationexercise.com/}]
Capabilities {acceptInsecureCerts: false, browserName: chrome, browserVersion: 134.0.6998.118, chrome: {chromedriverVersion: 134.0.6998.90 (219ee74681fc..., userDataDir: C:\Windows\SystemTemp\scope...}, fedcm:accounts: true, goog:chromeOptions: {debuggerAddress: localhost:50394}, networkConnectionEnabled: false, pageLoadStrategy: normal, platformName: windows, proxy: Proxy(), se:cdp: ws://localhost:50394/devtoo..., se:cdpVersion: 134.0.6998.118, setWindowRect: true, strictFileInteractability: false, timeouts: {implicit: 0, pageLoad: 300000, script: 30000}, unhandledPromptBehavior: dismiss and notify, webauthn:extension:credBlob: true, webauthn:extension:largeBlob: true, webauthn:extension:minPinLength: true, webauthn:extension:prf: true, webauthn:virtualAuthenticators: true}
Session ID: 972d8e18a89308618894a4b79d81d519
	at org.openqa.selenium.remote.http.jdk.JdkHttpClient.execute(JdkHttpClient.java:424)
	at org.openqa.selenium.remote.HttpCommandExecutor.execute(HttpCommandExecutor.java:212)
	at org.openqa.selenium.remote.service.DriverCommandExecutor.invokeExecute(DriverCommandExecutor.java:216)
	at org.openqa.selenium.remote.service.DriverCommandExecutor.execute(DriverCommandExecutor.java:174)
	at org.openqa.selenium.remote.RemoteWebDriver.execute(RemoteWebDriver.java:545)
	at org.openqa.selenium.remote.RemoteWebDriver.get(RemoteWebDriver.java:313)
	at com.ecommerce.utility.Base.getBrowser(Base.java:32)
	at com.ecommerce.stepDefination.Hooks.before(Hooks.java:50)
Caused by: java.util.concurrent.TimeoutException
	at java.base/java.util.concurrent.CompletableFuture$Timeout.run(CompletableFuture.java:2964)
	at java.base/java.util.concurrent.Executors$RunnableAdapter.call(Executors.java:572)
	at java.base/java.util.concurrent.FutureTask.run(FutureTask.java:317)
	at java.base/java.util.concurrent.ScheduledThreadPoolExecutor$ScheduledFutureTask.run(ScheduledThreadPoolExecutor.java:304)
	at java.base/java.util.concurrent.ThreadPoolExecutor.runWorker(ThreadPoolExecutor.java:1144)
	at java.base/java.util.concurrent.ThreadPoolExecutor$Worker.run(ThreadPoolExecutor.java:642)
	at java.base/java.lang.Thread.run(Thread.java:1575)
]]></failure>
    <system-out><![CDATA[
@ScrollowWithoutArrow
Scenario Outline: User verifies scroll up and scroll down without using arrow button &amp#27;[90m# src/test/resources/features/Login.feature:115&amp#27;[0m
      &amp#27;[31morg.openqa.selenium.TimeoutException: java.util.concurrent.TimeoutException
Build info: version: '4.28.1', revision: '73f5ad48a2'
System info: os.name: 'Windows 10', os.arch: 'amd64', os.version: '10.0', java.version: '23.0.2'
Driver info: org.openqa.selenium.chrome.ChromeDriver
Command: [972d8e18a89308618894a4b79d81d519, get {url=https://automationexercise.com/}]
Capabilities {acceptInsecureCerts: false, browserName: chrome, browserVersion: 134.0.6998.118, chrome: {chromedriverVersion: 134.0.6998.90 (219ee74681fc..., userDataDir: C:\Windows\SystemTemp\scope...}, fedcm:accounts: true, goog:chromeOptions: {debuggerAddress: localhost:50394}, networkConnectionEnabled: false, pageLoadStrategy: normal, platformName: windows, proxy: Proxy(), se:cdp: ws://localhost:50394/devtoo..., se:cdpVersion: 134.0.6998.118, setWindowRect: true, strictFileInteractability: false, timeouts: {implicit: 0, pageLoad: 300000, script: 30000}, unhandledPromptBehavior: dismiss and notify, webauthn:extension:credBlob: true, webauthn:extension:largeBlob: true, webauthn:extension:minPinLength: true, webauthn:extension:prf: true, webauthn:virtualAuthenticators: true}
Session ID: 972d8e18a89308618894a4b79d81d519
	at org.openqa.selenium.remote.http.jdk.JdkHttpClient.execute(JdkHttpClient.java:424)
	at org.openqa.selenium.remote.HttpCommandExecutor.execute(HttpCommandExecutor.java:212)
	at org.openqa.selenium.remote.service.DriverCommandExecutor.invokeExecute(DriverCommandExecutor.java:216)
	at org.openqa.selenium.remote.service.DriverCommandExecutor.execute(DriverCommandExecutor.java:174)
	at org.openqa.selenium.remote.RemoteWebDriver.execute(RemoteWebDriver.java:545)
	at org.openqa.selenium.remote.RemoteWebDriver.get(RemoteWebDriver.java:313)
	at com.ecommerce.utility.Base.getBrowser(Base.java:32)
	at com.ecommerce.stepDefination.Hooks.before(Hooks.java:50)
Caused by: java.util.concurrent.TimeoutException
	at java.base/java.util.concurrent.CompletableFuture$Timeout.run(CompletableFuture.java:2964)
	at java.base/java.util.concurrent.Executors$RunnableAdapter.call(Executors.java:572)
	at java.base/java.util.concurrent.FutureTask.run(FutureTask.java:317)
	at java.base/java.util.concurrent.ScheduledThreadPoolExecutor$ScheduledFutureTask.run(ScheduledThreadPoolExecutor.java:304)
	at java.base/java.util.concurrent.ThreadPoolExecutor.runWorker(ThreadPoolExecutor.java:1144)
	at java.base/java.util.concurrent.ThreadPoolExecutor$Worker.run(ThreadPoolExecutor.java:642)
	at java.base/java.lang.Thread.run(Thread.java:1575)
&amp#27;[0m
  &amp#27;[36mGiven &amp#27;[0m&amp#27;[36mUser is on the homepage&amp#27;[0m                                                      &amp#27;[90m# com.ecommerce.stepDefination.RegistrationStepDefinition.user_is_on_the_homepage()&amp#27;[0m
  &amp#27;[36mThen &amp#27;[0m&amp#27;[36mI  see the home page&amp#27;[0m                                                          &amp#27;[90m# com.ecommerce.stepDefination.RegistrationStepDefinition.i_see_the_home_page()&amp#27;[0m
  &amp#27;[36mWhen &amp#27;[0m&amp#27;[36mI scroll  to the bottom of the page&amp#27;[0m                                           &amp#27;[90m# com.ecommerce.stepDefination.RegistrationStepDefinition.i_scroll_to_the_bottom_of_the_page()&amp#27;[0m
  &amp#27;[36mThen &amp#27;[0m&amp#27;[36mI should see section Subscription&amp#27;[0m                                             &amp#27;[90m# com.ecommerce.stepDefination.RegistrationStepDefinition.i_should_see_section_subscription()&amp#27;[0m
  &amp#27;[36mWhen &amp#27;[0m&amp#27;[36mI scroll u to the top of the page&amp#27;[0m                                             &amp#27;[90m# com.ecommerce.stepDefination.RegistrationStepDefinition.i_scroll_u_to_the_top_of_the_page()&amp#27;[0m
  &amp#27;[36mThen &amp#27;[0m&amp#27;[36mI should see expectedText&amp#27;[0m                                                     &amp#27;[90m# com.ecommerce.stepDefination.RegistrationStepDefinition.i_should_see_expected_text()&amp#27;[0m
]]></system-out>
    <system-err><![CDATA[Mar 21, 2025 2:18:26 AM org.openqa.selenium.devtools.CdpVersionFinder findNearestMatch
WARNING: Unable to find an exact match for CDP version 134, returning the closest version; found: 132; Please update to a Selenium version that supports CDP version 134
]]></system-err>
  </testcase>
  <testcase name="runScenario[&quot;Verify product removal from cart&quot;, &quot;User Registration and Login&quot;](13)" classname="com.ecommerce.testRunners.RegisterRunner" time="13.663">
    <system-out><![CDATA[
@RemoveFromCart
Scenario: Verify product removal from cart  &amp#27;[90m# src/test/resources/features/Login.feature:123&amp#27;[0m
  &amp#27;[32mGiven &amp#27;[0m&amp#27;[32mUser is on the homepage&amp#27;[0m             &amp#27;[90m# com.ecommerce.stepDefination.RegistrationStepDefinition.user_is_on_the_homepage()&amp#27;[0m
  &amp#27;[32mAnd &amp#27;[0m&amp#27;[32mI click on View Product&amp#27;[0m               &amp#27;[90m# com.ecommerce.stepDefination.RegistrationStepDefinition.i_click_on_view_product()&amp#27;[0m
  &amp#27;[32mWhen &amp#27;[0m&amp#27;[32mI add a product to the cart&amp#27;[0m          &amp#27;[90m# com.ecommerce.stepDefination.RegistrationStepDefinition.i_add_a_product_to_the_cart()&amp#27;[0m
  &amp#27;[32mAnd &amp#27;[0m&amp#27;[32mclick continue shopping&amp#27;[0m               &amp#27;[90m# com.ecommerce.stepDefination.RegistrationStepDefinition.click_continue_shopping()&amp#27;[0m
  &amp#27;[32mAnd &amp#27;[0m&amp#27;[32mI navigate to the cart page&amp#27;[0m           &amp#27;[90m# com.ecommerce.stepDefination.RegistrationStepDefinition.i_navigate_to_the_cart_page()&amp#27;[0m
  &amp#27;[32mThen &amp#27;[0m&amp#27;[32mI should see the cart page displayed&amp#27;[0m &amp#27;[90m# com.ecommerce.stepDefination.RegistrationStepDefinition.i_should_see_the_cart_page_displayed()&amp#27;[0m
  &amp#27;[32mWhen &amp#27;[0m&amp#27;[32mI remove a product from the cart&amp#27;[0m     &amp#27;[90m# com.ecommerce.stepDefination.RegistrationStepDefinition.i_remove_a_product_from_the_cart()&amp#27;[0m
  &amp#27;[32mThen &amp#27;[0m&amp#27;[32mI should see the product is removed&amp#27;[0m  &amp#27;[90m# com.ecommerce.stepDefination.RegistrationStepDefinition.i_should_see_the_product_is_removed()&amp#27;[0m
]]></system-out>
    <system-err><![CDATA[Mar 21, 2025 2:21:34 AM org.openqa.selenium.devtools.CdpVersionFinder findNearestMatch
WARNING: Unable to find an exact match for CDP version 134, returning the closest version; found: 132; Please update to a Selenium version that supports CDP version 134
]]></system-err>
  </testcase>
  <testcase name="runScenario[&quot;Verify category navigation for Women and Men products&quot;, &quot;User Registration and Login&quot;](14)" classname="com.ecommerce.testRunners.RegisterRunner" time="17.002">
    <system-out><![CDATA[
@VerifyCategory
Scenario: Verify category navigation for Women and Men products &amp#27;[90m# src/test/resources/features/Login.feature:133&amp#27;[0m
  &amp#27;[32mGiven &amp#27;[0m&amp#27;[32mUser is on the homepage&amp#27;[0m                                 &amp#27;[90m# com.ecommerce.stepDefination.RegistrationStepDefinition.user_is_on_the_homepage()&amp#27;[0m
  &amp#27;[32mThen &amp#27;[0m&amp#27;[32mI should see categories on the left sidebar&amp#27;[0m              &amp#27;[90m# com.ecommerce.stepDefination.RegistrationStepDefinition.i_should_see_categories_on_the_left_sidebar()&amp#27;[0m
  &amp#27;[32mWhen &amp#27;[0m&amp#27;[32mI click on the Women category&amp#27;[0m                            &amp#27;[90m# com.ecommerce.stepDefination.RegistrationStepDefinition.i_click_on_the_women_category()&amp#27;[0m
  &amp#27;[32mAnd &amp#27;[0m&amp#27;[32mI click on the Dress sub-category under Women&amp#27;[0m             &amp#27;[90m# com.ecommerce.stepDefination.RegistrationStepDefinition.i_click_on_the_dress_sub_category_under_women()&amp#27;[0m
  &amp#27;[32mThen &amp#27;[0m&amp#27;[32mI should see the WOMEN - DRESS PRODUCTS page&amp#27;[0m             &amp#27;[90m# com.ecommerce.stepDefination.RegistrationStepDefinition.i_should_see_the_women_dress_products_page()&amp#27;[0m
  &amp#27;[32mWhen &amp#27;[0m&amp#27;[32mI click on the Men category&amp#27;[0m                              &amp#27;[90m# com.ecommerce.stepDefination.RegistrationStepDefinition.i_click_on_the_men_category()&amp#27;[0m
  &amp#27;[32mAnd &amp#27;[0m&amp#27;[32mI click on the Jeans sub-category under Men&amp#27;[0m               &amp#27;[90m# com.ecommerce.stepDefination.RegistrationStepDefinition.i_click_on_the_jeans_sub_category_under_men()&amp#27;[0m
  &amp#27;[32mThen &amp#27;[0m&amp#27;[32mI should see the MEN - JEANS PRODUCTS page&amp#27;[0m               &amp#27;[90m# com.ecommerce.stepDefination.RegistrationStepDefinition.i_should_see_the_men_jeans_products_page()&amp#27;[0m
]]></system-out>
    <system-err><![CDATA[Mar 21, 2025 2:21:47 AM org.openqa.selenium.devtools.CdpVersionFinder findNearestMatch
WARNING: Unable to find an exact match for CDP version 134, returning the closest version; found: 132; Please update to a Selenium version that supports CDP version 134
]]></system-err>
  </testcase>
  <testcase name="runScenario[&quot;Register and complete checkout process&quot;, &quot;User Registration and Login&quot;](15)" classname="com.ecommerce.testRunners.RegisterRunner" time="152.039">
    <system-out><![CDATA[
@registerbeforecheckout
Scenario: Register and complete checkout process                                                                                                    &amp#27;[90m# src/test/resources/features/Login.feature:143&amp#27;[0m
  &amp#27;[32mGiven &amp#27;[0m&amp#27;[32mUser is on the homepage&amp#27;[0m                                                                                                                     &amp#27;[90m# com.ecommerce.stepDefination.RegistrationStepDefinition.user_is_on_the_homepage()&amp#27;[0m
  &amp#27;[32mWhen &amp#27;[0m&amp#27;[32mUser clicks on Signup or Login button&amp#27;[0m                                                                                                        &amp#27;[90m# com.ecommerce.stepDefination.RegistrationStepDefinition.user_clicks_on_signup_or_login_button()&amp#27;[0m
  &amp#27;[32mWhen &amp#27;[0m&amp#27;[32mI enter signup details with name &amp#27;[0m&amp#27;[32m&amp#27;[1m"John Doenc"&amp#27;[0m&amp#27;[32m and email &amp#27;[0m&amp#27;[32m&amp#27;[1m"johndoe14978@example.com"&amp#27;[0m                                                           &amp#27;[90m# com.ecommerce.stepDefination.RegistrationStepDefinition.i_enter_signup_details(java.lang.String,java.lang.String)&amp#27;[0m
  &amp#27;[32mAnd &amp#27;[0m&amp#27;[32mI enter account details with password &amp#27;[0m&amp#27;[32m&amp#27;[1m"password123"&amp#27;[0m&amp#27;[32m, day &amp#27;[0m&amp#27;[32m&amp#27;[1m"10"&amp#27;[0m&amp#27;[32m, month &amp#27;[0m&amp#27;[32m&amp#27;[1m"January"&amp#27;[0m&amp#27;[32m, year &amp#27;[0m&amp#27;[32m&amp#27;[1m"1990"&amp#27;[0m                                                   &amp#27;[90m# com.ecommerce.stepDefination.RegistrationStepDefinition.i_enter_account_details(java.lang.String,java.lang.String,java.lang.String,java.lang.String)&amp#27;[0m
  &amp#27;[32mAnd &amp#27;[0m&amp#27;[32mI enter address details &amp#27;[0m&amp#27;[32m&amp#27;[1m"John"&amp#27;[0m&amp#27;[32m, &amp#27;[0m&amp#27;[32m&amp#27;[1m"Doe"&amp#27;[0m&amp#27;[32m, &amp#27;[0m&amp#27;[32m&amp#27;[1m"Company"&amp#27;[0m&amp#27;[32m, &amp#27;[0m&amp#27;[32m&amp#27;[1m"123 Street"&amp#27;[0m&amp#27;[32m, &amp#27;[0m&amp#27;[32m&amp#27;[1m"Apt 4B"&amp#27;[0m&amp#27;[32m, &amp#27;[0m&amp#27;[32m&amp#27;[1m"United States"&amp#27;[0m&amp#27;[32m, &amp#27;[0m&amp#27;[32m&amp#27;[1m"California"&amp#27;[0m&amp#27;[32m, &amp#27;[0m&amp#27;[32m&amp#27;[1m"Los Angeles"&amp#27;[0m&amp#27;[32m, &amp#27;[0m&amp#27;[32m&amp#27;[1m"90001"&amp#27;[0m&amp#27;[32m, &amp#27;[0m&amp#27;[32m&amp#27;[1m"1234567890"&amp#27;[0m &amp#27;[90m# com.ecommerce.stepDefination.RegistrationStepDefinition.i_enter_address_details(java.lang.String,java.lang.String,java.lang.String,java.lang.String,java.lang.String,java.lang.String,java.lang.String,java.lang.String,java.lang.String,java.lang.String)&amp#27;[0m
  &amp#27;[32mThen &amp#27;[0m&amp#27;[32mI should see account created message&amp#27;[0m                                                                                                         &amp#27;[90m# com.ecommerce.stepDefination.RegistrationStepDefinition.i_should_see_account_created_message()&amp#27;[0m
  &amp#27;[32mWhen &amp#27;[0m&amp#27;[32mI click Continue&amp#27;[0m                                                                                                                             &amp#27;[90m# com.ecommerce.stepDefination.RegistrationStepDefinition.i_click_continue()&amp#27;[0m
  &amp#27;[32mThen &amp#27;[0m&amp#27;[32mI should be logged in as a user&amp#27;[0m                                                                                                              &amp#27;[90m# com.ecommerce.stepDefination.RegistrationStepDefinition.i_should_be_logged_in_as_user()&amp#27;[0m
  &amp#27;[32mWhen &amp#27;[0m&amp#27;[32mI add products to cart and go to cart page&amp#27;[0m                                                                                                   &amp#27;[90m# com.ecommerce.stepDefination.RegistrationStepDefinition.i_add_products_to_cart_and_go_to_cart_page()&amp#27;[0m
  &amp#27;[32mAnd &amp#27;[0m&amp#27;[32mI proceed with checkout&amp#27;[0m                                                                                                                       &amp#27;[90m# com.ecommerce.stepDefination.RegistrationStepDefinition.i_proceed_to_checkout()&amp#27;[0m
  &amp#27;[32mThen &amp#27;[0m&amp#27;[32mI should see address and order review details&amp#27;[0m                                                                                                &amp#27;[90m# com.ecommerce.stepDefination.RegistrationStepDefinition.i_should_see_address_and_order_review_details()&amp#27;[0m
  &amp#27;[32mWhen &amp#27;[0m&amp#27;[32mI enter comment &amp#27;[0m&amp#27;[32m&amp#27;[1m"Please deliver soon"&amp#27;[0m&amp#27;[32m and place the order&amp#27;[0m                                                                                    &amp#27;[90m# com.ecommerce.stepDefination.RegistrationStepDefinition.i_enter_comment_and_place_the_order(java.lang.String)&amp#27;[0m
  &amp#27;[32mAnd &amp#27;[0m&amp#27;[32mI enter the payment details &amp#27;[0m&amp#27;[32m&amp#27;[1m"John Doe"&amp#27;[0m&amp#27;[32m, &amp#27;[0m&amp#27;[32m&amp#27;[1m"4111111111111111"&amp#27;[0m&amp#27;[32m, &amp#27;[0m&amp#27;[32m&amp#27;[1m"123"&amp#27;[0m&amp#27;[32m, &amp#27;[0m&amp#27;[32m&amp#27;[1m"12"&amp#27;[0m&amp#27;[32m, &amp#27;[0m&amp#27;[32m&amp#27;[1m"2025"&amp#27;[0m                                                               &amp#27;[90m# com.ecommerce.stepDefination.RegistrationStepDefinition.i_enter_payment_details(java.lang.String,java.lang.String,java.lang.String,java.lang.String,java.lang.String)&amp#27;[0m
  &amp#27;[32mAnd &amp#27;[0m&amp#27;[32mI confirm  order&amp#27;[0m                                                                                                                              &amp#27;[90m# com.ecommerce.stepDefination.RegistrationStepDefinition.i_confirm_the_order()&amp#27;[0m
  &amp#27;[32mThen &amp#27;[0m&amp#27;[32mI should see success message&amp#27;[0m                                                                                                                 &amp#27;[90m# com.ecommerce.stepDefination.RegistrationStepDefinition.i_should_see_success_message()&amp#27;[0m
  &amp#27;[32mWhen &amp#27;[0m&amp#27;[32mI delete the account&amp#27;[0m                                                                                                                         &amp#27;[90m# com.ecommerce.stepDefination.RegistrationStepDefinition.i_delete_my_account()&amp#27;[0m
  &amp#27;[32mThen &amp#27;[0m&amp#27;[32mI should see account deleted message&amp#27;[0m                                                                                                         &amp#27;[90m# com.ecommerce.stepDefination.RegistrationStepDefinition.i_should_see_account_deleted_message()&amp#27;[0m
]]></system-out>
    <system-err><![CDATA[Mar 21, 2025 2:22:05 AM org.openqa.selenium.devtools.CdpVersionFinder findNearestMatch
WARNING: Unable to find an exact match for CDP version 134, returning the closest version; found: 132; Please update to a Selenium version that supports CDP version 134
]]></system-err>
  </testcase>
  <testcase name="runScenario[&quot;Verify search functionality on products page&quot;, &quot;Product Search Functionality&quot;](16)" classname="com.ecommerce.testRunners.RegisterRunner" time="32.936">
    <system-out><![CDATA[
@Products
Scenario: Verify search functionality on products page                             &amp#27;[90m# src/test/resources/features/Search.feature:7&amp#27;[0m
  &amp#27;[32mGiven &amp#27;[0m&amp#27;[32mUser is on the home page&amp#27;[0m                                                   &amp#27;[90m# com.ecommerce.stepDefination.ProductsStepDefinition.user_is_on_the_home_page()&amp#27;[0m
  &amp#27;[32mWhen &amp#27;[0m&amp#27;[32mUser clicks on the Products button&amp#27;[0m                                          &amp#27;[90m# com.ecommerce.stepDefination.ProductsStepDefinition.user_clicks_on_the_products_button()&amp#27;[0m
  &amp#27;[32mThen &amp#27;[0m&amp#27;[32mUser should be navigated to the ALL PRODUCTS page&amp#27;[0m                           &amp#27;[90m# com.ecommerce.stepDefination.ProductsStepDefinition.user_should_be_navigated_to_the_all_products_page()&amp#27;[0m
  &amp#27;[32mWhen &amp#27;[0m&amp#27;[32mUser enters product name &amp#27;[0m&amp#27;[32m&amp#27;[1m"T-Shirt"&amp#27;[0m&amp#27;[32m in search input and clicks search button&amp#27;[0m &amp#27;[90m# com.ecommerce.stepDefination.ProductsStepDefinition.user_enters_product_name_in_search_input_and_clicks_search_button(java.lang.String)&amp#27;[0m
  &amp#27;[32mThen &amp#27;[0m&amp#27;[32mUser should see the SEARCHED PRODUCTS section&amp#27;[0m                               &amp#27;[90m# com.ecommerce.stepDefination.ProductsStepDefinition.user_should_see_the_searched_products_section()&amp#27;[0m
  &amp#27;[32mAnd &amp#27;[0m&amp#27;[32mUser should see all related products displayed&amp#27;[0m                               &amp#27;[90m# com.ecommerce.stepDefination.ProductsStepDefinition.user_should_see_all_related_products_displayed()&amp#27;[0m
]]></system-out>
    <system-err><![CDATA[Mar 21, 2025 2:24:37 AM org.openqa.selenium.devtools.CdpVersionFinder findNearestMatch
WARNING: Unable to find an exact match for CDP version 134, returning the closest version; found: 132; Please update to a Selenium version that supports CDP version 134
]]></system-err>
  </testcase>
  <testcase name="runScenario[&quot;Verify user can view product details&quot;, &quot;Product Search Functionality&quot;](17)" classname="com.ecommerce.testRunners.RegisterRunner" time="98.094">
    <system-out><![CDATA[
@ProductVerify
Scenario: Verify user can view product details                                                   &amp#27;[90m# src/test/resources/features/Search.feature:15&amp#27;[0m
  &amp#27;[32mGiven &amp#27;[0m&amp#27;[32mUser is on the home page&amp#27;[0m                                                                 &amp#27;[90m# com.ecommerce.stepDefination.ProductsStepDefinition.user_is_on_the_home_page()&amp#27;[0m
  &amp#27;[32mWhen &amp#27;[0m&amp#27;[32mUser clicks on the Products button&amp#27;[0m                                                        &amp#27;[90m# com.ecommerce.stepDefination.ProductsStepDefinition.user_clicks_on_the_products_button()&amp#27;[0m
  &amp#27;[32mThen &amp#27;[0m&amp#27;[32mUser should be navigated to the ALL PRODUCTS page&amp#27;[0m                                         &amp#27;[90m# com.ecommerce.stepDefination.ProductsStepDefinition.user_should_be_navigated_to_the_all_products_page()&amp#27;[0m
  &amp#27;[32mAnd &amp#27;[0m&amp#27;[32mThe products list should be visible&amp#27;[0m                                                        &amp#27;[90m# com.ecommerce.stepDefination.ProductsStepDefinition.the_products_list_should_be_visible()&amp#27;[0m
  &amp#27;[32mWhen &amp#27;[0m&amp#27;[32mUser clicks on View Product of the first product&amp#27;[0m                                          &amp#27;[90m# com.ecommerce.stepDefination.ProductsStepDefinition.user_clicks_on_view_product_of_the_first_product()&amp#27;[0m
  &amp#27;[32mThen &amp#27;[0m&amp#27;[32mUser should be navigated to the product detail page&amp#27;[0m                                       &amp#27;[90m# com.ecommerce.stepDefination.ProductsStepDefinition.user_should_be_navigated_to_the_product_detail_page()&amp#27;[0m
  &amp#27;[32mAnd &amp#27;[0m&amp#27;[32mUser should see the product details: name, category, price, availability, condition, brand&amp#27;[0m &amp#27;[90m# com.ecommerce.stepDefination.ProductsStepDefinition.user_should_see_the_product_details_name_category_price_availability_condition_brand()&amp#27;[0m
]]></system-out>
    <system-err><![CDATA[Mar 21, 2025 2:25:10 AM org.openqa.selenium.devtools.CdpVersionFinder findNearestMatch
WARNING: Unable to find an exact match for CDP version 134, returning the closest version; found: 132; Please update to a Selenium version that supports CDP version 134
]]></system-err>
  </testcase>
  <testcase name="runScenario[&quot;Verify user can add multiple products to cart and verify details&quot;, &quot;Product Search Functionality&quot;](18)" classname="com.ecommerce.testRunners.RegisterRunner" time="34.081">
    <system-out><![CDATA[
@CartPage
Scenario Outline: Verify user can add multiple products to cart and verify details &amp#27;[90m# src/test/resources/features/Search.feature:35&amp#27;[0m
  &amp#27;[32mGiven &amp#27;[0m&amp#27;[32mUser is on the home page&amp#27;[0m                                                   &amp#27;[90m# com.ecommerce.stepDefination.ProductsStepDefinition.user_is_on_the_home_page()&amp#27;[0m
  &amp#27;[32mWhen &amp#27;[0m&amp#27;[32mI click on the Products button&amp#27;[0m                                              &amp#27;[90m# com.ecommerce.stepDefination.ProductsStepDefinition.i_click_on_the_products_button()&amp#27;[0m
  &amp#27;[32mAnd &amp#27;[0m&amp#27;[32mI hover over the first product and add it to the cart&amp#27;[0m                        &amp#27;[90m# com.ecommerce.stepDefination.ProductsStepDefinition.i_hover_over_the_first_product_and_add_it_to_the_cart()&amp#27;[0m
  &amp#27;[32mAnd &amp#27;[0m&amp#27;[32mI click Continue Shopping&amp#27;[0m                                                    &amp#27;[90m# com.ecommerce.stepDefination.ProductsStepDefinition.i_click_continue_shopping()&amp#27;[0m
  &amp#27;[32mAnd &amp#27;[0m&amp#27;[32mI hover over the second product and add it to the cart&amp#27;[0m                       &amp#27;[90m# com.ecommerce.stepDefination.ProductsStepDefinition.i_hover_over_the_second_product_and_add_it_to_the_cart()&amp#27;[0m
  &amp#27;[32mAnd &amp#27;[0m&amp#27;[32mI click View Cart button&amp#27;[0m                                                     &amp#27;[90m# com.ecommerce.stepDefination.ProductsStepDefinition.i_click_view_cart_button()&amp#27;[0m
  &amp#27;[32mThen &amp#27;[0m&amp#27;[32mBoth products should be in the Cart with &amp#27;[0m&amp#27;[32m&amp#27;[1m"Blue Top"&amp#27;[0m&amp#27;[32m and &amp#27;[0m&amp#27;[32m&amp#27;[1m"Men Tshirt"&amp#27;[0m        &amp#27;[90m# com.ecommerce.stepDefination.ProductsStepDefinition.both_products_should_be_in_the_cart_with_and(java.lang.String,java.lang.String)&amp#27;[0m
  &amp#27;[32mAnd &amp#27;[0m&amp#27;[32mProduct details should be &amp#27;[0m&amp#27;[32m&amp#27;[1m"Rs. 500"&amp#27;[0m&amp#27;[32m, &amp#27;[0m&amp#27;[32m&amp#27;[1m"Rs. 400"&amp#27;[0m&amp#27;[32m, &amp#27;[0m&amp#27;[32m&amp#27;[1m"Rs. 500"&amp#27;[0m&amp#27;[32m, &amp#27;[0m&amp#27;[32m&amp#27;[1m"Rs. 400"&amp#27;[0m         &amp#27;[90m# com.ecommerce.stepDefination.ProductsStepDefinition.product_details_should_be(java.lang.String,java.lang.String,java.lang.String,java.lang.String)&amp#27;[0m
]]></system-out>
    <system-err><![CDATA[Mar 21, 2025 2:26:48 AM org.openqa.selenium.devtools.CdpVersionFinder findNearestMatch
WARNING: Unable to find an exact match for CDP version 134, returning the closest version; found: 132; Please update to a Selenium version that supports CDP version 134
]]></system-err>
  </testcase>
  <testcase name="runScenario[&quot;User subscribes from Cart page&quot;, &quot;Product Search Functionality&quot;](19)" classname="com.ecommerce.testRunners.RegisterRunner" time="17.437">
    <system-out><![CDATA[
@CartSubscription
Scenario Outline: User subscribes from Cart page                              &amp#27;[90m# src/test/resources/features/Search.feature:46&amp#27;[0m
  &amp#27;[32mGiven &amp#27;[0m&amp#27;[32mUser is on the home page&amp#27;[0m                                              &amp#27;[90m# com.ecommerce.stepDefination.ProductsStepDefinition.user_is_on_the_home_page()&amp#27;[0m
  &amp#27;[32mWhen &amp#27;[0m&amp#27;[32mUser clicks on the Cart button and scrolls to footer&amp#27;[0m                   &amp#27;[90m# com.ecommerce.stepDefination.ProductsStepDefinition.user_clicks_on_the_cart_button_and_scrolls_to_footer()&amp#27;[0m
  &amp#27;[32mThen &amp#27;[0m&amp#27;[32mSUBSCRIPTION text should be visible&amp#27;[0m                                    &amp#27;[90m# com.ecommerce.stepDefination.ProductsStepDefinition.subscription_text_should_be_visible()&amp#27;[0m
  &amp#27;[32mWhen &amp#27;[0m&amp#27;[32mUser enters email &amp#27;[0m&amp#27;[32m&amp#27;[1m"testuser1@mail.com"&amp#27;[0m&amp#27;[32m and clicks the subscribe button&amp#27;[0m &amp#27;[90m# com.ecommerce.stepDefination.ProductsStepDefinition.user_enters_email_and_clicks_the_subscribe_button(java.lang.String)&amp#27;[0m
  &amp#27;[32mThen &amp#27;[0m&amp#27;[32mSubscription success message should be displayed&amp#27;[0m                       &amp#27;[90m# com.ecommerce.stepDefination.ProductsStepDefinition.subscription_success_message_should_be_displayed()&amp#27;[0m
]]></system-out>
    <system-err><![CDATA[Mar 21, 2025 2:27:22 AM org.openqa.selenium.devtools.CdpVersionFinder findNearestMatch
WARNING: Unable to find an exact match for CDP version 134, returning the closest version; found: 132; Please update to a Selenium version that supports CDP version 134
]]></system-err>
  </testcase>
  <testcase name="runScenario[&quot;Verify product quantity is correctly updated in the cart&quot;, &quot;Product Search Functionality&quot;](20)" classname="com.ecommerce.testRunners.RegisterRunner" time="18.656">
    <system-out><![CDATA[
@VerifyProductQuantity
Scenario Outline: Verify product quantity is correctly updated in the cart &amp#27;[90m# src/test/resources/features/Search.feature:59&amp#27;[0m
  &amp#27;[32mGiven &amp#27;[0m&amp#27;[32mUser is on the home page&amp#27;[0m                                           &amp#27;[90m# com.ecommerce.stepDefination.ProductsStepDefinition.user_is_on_the_home_page()&amp#27;[0m
  &amp#27;[32mWhen &amp#27;[0m&amp#27;[32mI click on View Product for a product&amp#27;[0m                               &amp#27;[90m# com.ecommerce.stepDefination.ProductsStepDefinition.i_click_on_view_product_for_a_product()&amp#27;[0m
  &amp#27;[32mAnd &amp#27;[0m&amp#27;[32mI verify the product detail page is opened&amp#27;[0m                           &amp#27;[90m# com.ecommerce.stepDefination.ProductsStepDefinition.i_verify_the_product_detail_page_is_opened()&amp#27;[0m
  &amp#27;[32mAnd &amp#27;[0m&amp#27;[32mI increase the quantity to &amp#27;[0m&amp#27;[32m&amp#27;[1m4&amp#27;[0m                                         &amp#27;[90m# com.ecommerce.stepDefination.ProductsStepDefinition.i_increase_the_quantity_to(java.lang.Integer)&amp#27;[0m
  &amp#27;[32mAnd &amp#27;[0m&amp#27;[32mI click on Add to cart button&amp#27;[0m                                        &amp#27;[90m# com.ecommerce.stepDefination.ProductsStepDefinition.i_click_on_add_to_cart_button()&amp#27;[0m
  &amp#27;[32mAnd &amp#27;[0m&amp#27;[32mI click on View Cart button&amp#27;[0m                                          &amp#27;[90m# com.ecommerce.stepDefination.ProductsStepDefinition.i_click_on_view_cart_button()&amp#27;[0m
  &amp#27;[32mThen &amp#27;[0m&amp#27;[32mThe cart should contain product with quantity &amp#27;[0m&amp#27;[32m&amp#27;[1m4&amp#27;[0m                     &amp#27;[90m# com.ecommerce.stepDefination.ProductsStepDefinition.the_cart_should_contain_product_with_quantity(java.lang.Integer)&amp#27;[0m
]]></system-out>
    <system-err><![CDATA[Mar 21, 2025 2:27:39 AM org.openqa.selenium.devtools.CdpVersionFinder findNearestMatch
WARNING: Unable to find an exact match for CDP version 134, returning the closest version; found: 132; Please update to a Selenium version that supports CDP version 134
]]></system-err>
  </testcase>
  <testcase name="runScenario[&quot;User adds a review on a product&quot;, &quot;Product Search Functionality&quot;](21)" classname="com.ecommerce.testRunners.RegisterRunner" time="26.356">
    <system-out><![CDATA[
@Reviewproduct
Scenario Outline: User adds a review on a product                           &amp#27;[90m# src/test/resources/features/Search.feature:73&amp#27;[0m
  &amp#27;[32mGiven &amp#27;[0m&amp#27;[32mUser is on the home page&amp#27;[0m                                            &amp#27;[90m# com.ecommerce.stepDefination.ProductsStepDefinition.user_is_on_the_home_page()&amp#27;[0m
  &amp#27;[32mWhen &amp#27;[0m&amp#27;[32mI click on Products button&amp#27;[0m                                           &amp#27;[90m# com.ecommerce.stepDefination.ProductsStepDefinition.i_click_on_products_button()&amp#27;[0m
  &amp#27;[32mThen &amp#27;[0m&amp#27;[32mI should be navigated to ALL PRODUCTS page&amp#27;[0m                           &amp#27;[90m# com.ecommerce.stepDefination.ProductsStepDefinition.i_should_be_navigated_to_all_products_page()&amp#27;[0m
  &amp#27;[32mWhen &amp#27;[0m&amp#27;[32mI click on View Product button&amp#27;[0m                                       &amp#27;[90m# com.ecommerce.stepDefination.ProductsStepDefinition.i_click_on_view_product_button()&amp#27;[0m
  &amp#27;[32mThen &amp#27;[0m&amp#27;[32mI should see Write Your Review section&amp#27;[0m                               &amp#27;[90m# com.ecommerce.stepDefination.ProductsStepDefinition.i_should_see_write_your_review_section()&amp#27;[0m
  &amp#27;[32mWhen &amp#27;[0m&amp#27;[32mI enter &amp#27;[0m&amp#27;[32m&amp#27;[1m"John Doe"&amp#27;[0m&amp#27;[32m, &amp#27;[0m&amp#27;[32m&amp#27;[1m"john@example.com"&amp#27;[0m&amp#27;[32m, and &amp#27;[0m&amp#27;[32m&amp#27;[1m"Great quality product!"&amp#27;[0m &amp#27;[90m# com.ecommerce.stepDefination.ProductsStepDefinition.i_enter_and(java.lang.String,java.lang.String,java.lang.String)&amp#27;[0m
  &amp#27;[32mAnd &amp#27;[0m&amp#27;[32mI click on Submit button&amp#27;[0m                                              &amp#27;[90m# com.ecommerce.stepDefination.ProductsStepDefinition.i_click_on_submit_button()&amp#27;[0m
  &amp#27;[32mThen &amp#27;[0m&amp#27;[32mI should see success message Thank you for your review.&amp#27;[0m              &amp#27;[90m# com.ecommerce.stepDefination.ProductsStepDefinition.i_should_see_success_message_thank_you_for_your_review()&amp#27;[0m
]]></system-out>
    <system-err><![CDATA[Mar 21, 2025 2:27:58 AM org.openqa.selenium.devtools.CdpVersionFinder findNearestMatch
WARNING: Unable to find an exact match for CDP version 134, returning the closest version; found: 132; Please update to a Selenium version that supports CDP version 134
]]></system-err>
  </testcase>
  <testcase name="runScenario[&quot;User adds a review on a product&quot;, &quot;Product Search Functionality&quot;](22)" classname="com.ecommerce.testRunners.RegisterRunner" time="22.75">
    <system-out><![CDATA[
@Reviewproduct
Scenario Outline: User adds a review on a product                               &amp#27;[90m# src/test/resources/features/Search.feature:74&amp#27;[0m
  &amp#27;[32mGiven &amp#27;[0m&amp#27;[32mUser is on the home page&amp#27;[0m                                                &amp#27;[90m# com.ecommerce.stepDefination.ProductsStepDefinition.user_is_on_the_home_page()&amp#27;[0m
  &amp#27;[32mWhen &amp#27;[0m&amp#27;[32mI click on Products button&amp#27;[0m                                               &amp#27;[90m# com.ecommerce.stepDefination.ProductsStepDefinition.i_click_on_products_button()&amp#27;[0m
  &amp#27;[32mThen &amp#27;[0m&amp#27;[32mI should be navigated to ALL PRODUCTS page&amp#27;[0m                               &amp#27;[90m# com.ecommerce.stepDefination.ProductsStepDefinition.i_should_be_navigated_to_all_products_page()&amp#27;[0m
  &amp#27;[32mWhen &amp#27;[0m&amp#27;[32mI click on View Product button&amp#27;[0m                                           &amp#27;[90m# com.ecommerce.stepDefination.ProductsStepDefinition.i_click_on_view_product_button()&amp#27;[0m
  &amp#27;[32mThen &amp#27;[0m&amp#27;[32mI should see Write Your Review section&amp#27;[0m                                   &amp#27;[90m# com.ecommerce.stepDefination.ProductsStepDefinition.i_should_see_write_your_review_section()&amp#27;[0m
  &amp#27;[32mWhen &amp#27;[0m&amp#27;[32mI enter &amp#27;[0m&amp#27;[32m&amp#27;[1m"Alice Smith"&amp#27;[0m&amp#27;[32m, &amp#27;[0m&amp#27;[32m&amp#27;[1m"alice@gmail.com"&amp#27;[0m&amp#27;[32m, and &amp#27;[0m&amp#27;[32m&amp#27;[1m"Fast shipping, loved it!"&amp#27;[0m &amp#27;[90m# com.ecommerce.stepDefination.ProductsStepDefinition.i_enter_and(java.lang.String,java.lang.String,java.lang.String)&amp#27;[0m
  &amp#27;[32mAnd &amp#27;[0m&amp#27;[32mI click on Submit button&amp#27;[0m                                                  &amp#27;[90m# com.ecommerce.stepDefination.ProductsStepDefinition.i_click_on_submit_button()&amp#27;[0m
  &amp#27;[32mThen &amp#27;[0m&amp#27;[32mI should see success message Thank you for your review.&amp#27;[0m                  &amp#27;[90m# com.ecommerce.stepDefination.ProductsStepDefinition.i_should_see_success_message_thank_you_for_your_review()&amp#27;[0m
]]></system-out>
    <system-err><![CDATA[Mar 21, 2025 2:28:24 AM org.openqa.selenium.devtools.CdpVersionFinder findNearestMatch
WARNING: Unable to find an exact match for CDP version 134, returning the closest version; found: 132; Please update to a Selenium version that supports CDP version 134
]]></system-err>
  </testcase>
  <testcase name="runScenario[&quot;User adds a review on a product&quot;, &quot;Product Search Functionality&quot;](23)" classname="com.ecommerce.testRunners.RegisterRunner" time="142.533">
    <system-out><![CDATA[
@Reviewproduct
Scenario Outline: User adds a review on a product                           &amp#27;[90m# src/test/resources/features/Search.feature:75&amp#27;[0m
  &amp#27;[32mGiven &amp#27;[0m&amp#27;[32mUser is on the home page&amp#27;[0m                                            &amp#27;[90m# com.ecommerce.stepDefination.ProductsStepDefinition.user_is_on_the_home_page()&amp#27;[0m
  &amp#27;[32mWhen &amp#27;[0m&amp#27;[32mI click on Products button&amp#27;[0m                                           &amp#27;[90m# com.ecommerce.stepDefination.ProductsStepDefinition.i_click_on_products_button()&amp#27;[0m
  &amp#27;[32mThen &amp#27;[0m&amp#27;[32mI should be navigated to ALL PRODUCTS page&amp#27;[0m                           &amp#27;[90m# com.ecommerce.stepDefination.ProductsStepDefinition.i_should_be_navigated_to_all_products_page()&amp#27;[0m
  &amp#27;[32mWhen &amp#27;[0m&amp#27;[32mI click on View Product button&amp#27;[0m                                       &amp#27;[90m# com.ecommerce.stepDefination.ProductsStepDefinition.i_click_on_view_product_button()&amp#27;[0m
  &amp#27;[32mThen &amp#27;[0m&amp#27;[32mI should see Write Your Review section&amp#27;[0m                               &amp#27;[90m# com.ecommerce.stepDefination.ProductsStepDefinition.i_should_see_write_your_review_section()&amp#27;[0m
  &amp#27;[32mWhen &amp#27;[0m&amp#27;[32mI enter &amp#27;[0m&amp#27;[32m&amp#27;[1m"Mike Ross"&amp#27;[0m&amp#27;[32m, &amp#27;[0m&amp#27;[32m&amp#27;[1m"mike.ross@test.com"&amp#27;[0m&amp#27;[32m, and &amp#27;[0m&amp#27;[32m&amp#27;[1m"Highly recommended!"&amp#27;[0m &amp#27;[90m# com.ecommerce.stepDefination.ProductsStepDefinition.i_enter_and(java.lang.String,java.lang.String,java.lang.String)&amp#27;[0m
  &amp#27;[32mAnd &amp#27;[0m&amp#27;[32mI click on Submit button&amp#27;[0m                                              &amp#27;[90m# com.ecommerce.stepDefination.ProductsStepDefinition.i_click_on_submit_button()&amp#27;[0m
  &amp#27;[32mThen &amp#27;[0m&amp#27;[32mI should see success message Thank you for your review.&amp#27;[0m              &amp#27;[90m# com.ecommerce.stepDefination.ProductsStepDefinition.i_should_see_success_message_thank_you_for_your_review()&amp#27;[0m
]]></system-out>
    <system-err><![CDATA[Mar 21, 2025 2:28:47 AM org.openqa.selenium.devtools.CdpVersionFinder findNearestMatch
WARNING: Unable to find an exact match for CDP version 134, returning the closest version; found: 132; Please update to a Selenium version that supports CDP version 134
]]></system-err>
  </testcase>
  <testcase name="runScenario[&quot;Verify brand navigation and products visibility&quot;, &quot;Product Search Functionality&quot;](24)" classname="com.ecommerce.testRunners.RegisterRunner" time="27.454">
    <system-out><![CDATA[
@VerifyBrand
Scenario: Verify brand navigation and products visibility     &amp#27;[90m# src/test/resources/features/Search.feature:78&amp#27;[0m
  &amp#27;[32mGiven &amp#27;[0m&amp#27;[32mUser is on the home page&amp#27;[0m                              &amp#27;[90m# com.ecommerce.stepDefination.ProductsStepDefinition.user_is_on_the_home_page()&amp#27;[0m
  &amp#27;[32mWhen &amp#27;[0m&amp#27;[32mI click on the Products button&amp#27;[0m                         &amp#27;[90m# com.ecommerce.stepDefination.ProductsStepDefinition.i_click_on_the_products_button()&amp#27;[0m
  &amp#27;[32mThen &amp#27;[0m&amp#27;[32mI should see the Brands sidebar on the left&amp#27;[0m            &amp#27;[90m# com.ecommerce.stepDefination.ProductsStepDefinition.i_should_see_the_brands_sidebar_on_the_left()&amp#27;[0m
  &amp#27;[32mWhen &amp#27;[0m&amp#27;[32mI click on the first brand&amp#27;[0m                             &amp#27;[90m# com.ecommerce.stepDefination.ProductsStepDefinition.i_click_on_the_first_brand()&amp#27;[0m
  &amp#27;[32mThen &amp#27;[0m&amp#27;[32mI should see the first brand's product page displayed&amp#27;[0m  &amp#27;[90m# com.ecommerce.stepDefination.ProductsStepDefinition.i_should_see_the_first_brand_s_product_page_displayed()&amp#27;[0m
  &amp#27;[32mWhen &amp#27;[0m&amp#27;[32mI click on the second brand&amp#27;[0m                            &amp#27;[90m# com.ecommerce.stepDefination.ProductsStepDefinition.i_click_on_the_second_brand()&amp#27;[0m
  &amp#27;[32mThen &amp#27;[0m&amp#27;[32mI should see the second brand's product page displayed&amp#27;[0m &amp#27;[90m# com.ecommerce.stepDefination.ProductsStepDefinition.i_should_see_the_second_brand_s_product_page_displayed()&amp#27;[0m
]]></system-out>
    <system-err><![CDATA[Mar 21, 2025 2:31:10 AM org.openqa.selenium.devtools.CdpVersionFinder findNearestMatch
WARNING: Unable to find an exact match for CDP version 134, returning the closest version; found: 132; Please update to a Selenium version that supports CDP version 134
]]></system-err>
  </testcase>
  <testcase name="runScenario[&quot;Verify searched products remain in the cart after login&quot;, &quot;Product Search Functionality&quot;](25)" classname="com.ecommerce.testRunners.RegisterRunner" time="41.506">
    <system-out><![CDATA[
@searchProduct
Scenario Outline: Verify searched products remain in the cart after login    &amp#27;[90m# src/test/resources/features/Search.feature:106&amp#27;[0m
  &amp#27;[32mGiven &amp#27;[0m&amp#27;[32mUser is on the home page&amp#27;[0m                                             &amp#27;[90m# com.ecommerce.stepDefination.ProductsStepDefinition.user_is_on_the_home_page()&amp#27;[0m
  &amp#27;[32mWhen &amp#27;[0m&amp#27;[32mI click  Products button&amp#27;[0m                                              &amp#27;[90m# com.ecommerce.stepDefination.ProductsStepDefinition.i_click_products_button()&amp#27;[0m
  &amp#27;[32mThen &amp#27;[0m&amp#27;[32mI should be navigated to the All Products page&amp#27;[0m                        &amp#27;[90m# com.ecommerce.stepDefination.ProductsStepDefinition.i_should_be_navigated_to_the_all_products_page()&amp#27;[0m
  &amp#27;[32mWhen &amp#27;[0m&amp#27;[32mI search for &amp#27;[0m&amp#27;[32m&amp#27;[1m"Men Tshirt"&amp#27;[0m                                             &amp#27;[90m# com.ecommerce.stepDefination.ProductsStepDefinition.i_search_for(java.lang.String)&amp#27;[0m
  &amp#27;[32mThen &amp#27;[0m&amp#27;[32mI should see SEARCHED PRODUCTS&amp#27;[0m                                        &amp#27;[90m# com.ecommerce.stepDefination.ProductsStepDefinition.i_should_see_searched_products()&amp#27;[0m
  &amp#27;[32mAnd &amp#27;[0m&amp#27;[32mI should see all searched products&amp#27;[0m                                     &amp#27;[90m# com.ecommerce.stepDefination.ProductsStepDefinition.i_should_see_all_searched_products()&amp#27;[0m
  &amp#27;[32mThen &amp#27;[0m&amp#27;[32mI click on the view product&amp#27;[0m                                           &amp#27;[90m# com.ecommerce.stepDefination.ProductsStepDefinition.View_product()&amp#27;[0m
  &amp#27;[32mAnd &amp#27;[0m&amp#27;[32mI click on the Add to Cart&amp#27;[0m                                             &amp#27;[90m# com.ecommerce.stepDefination.ProductsStepDefinition.i_click_on_the_add_to_cart()&amp#27;[0m
  &amp#27;[32mThen &amp#27;[0m&amp#27;[32mI click on continue shopping&amp#27;[0m                                          &amp#27;[90m# com.ecommerce.stepDefination.ProductsStepDefinition.i_click_on_continue_shopping()&amp#27;[0m
  &amp#27;[32mWhen &amp#27;[0m&amp#27;[32mI click  Signup or Login button&amp#27;[0m                                       &amp#27;[90m# com.ecommerce.stepDefination.ProductsStepDefinition.i_click_signup_or_login_button()&amp#27;[0m
  &amp#27;[32mAnd &amp#27;[0m&amp#27;[32mI enter emailid &amp#27;[0m&amp#27;[32m&amp#27;[1m"bollamakshay756@gmail.com"&amp#27;[0m&amp#27;[32m and password &amp#27;[0m&amp#27;[32m&amp#27;[1m"Akshay2001@"&amp#27;[0m &amp#27;[90m# com.ecommerce.stepDefination.ProductsStepDefinition.i_enter_emailid_and_password(java.lang.String,java.lang.String)&amp#27;[0m
  &amp#27;[32mAnd &amp#27;[0m&amp#27;[32mI click on Login&amp#27;[0m                                                       &amp#27;[90m# com.ecommerce.stepDefination.ProductsStepDefinition.i_click_on_login()&amp#27;[0m
  &amp#27;[32mAnd &amp#27;[0m&amp#27;[32mI navigate back to the Cart page&amp#27;[0m                                       &amp#27;[90m# com.ecommerce.stepDefination.ProductsStepDefinition.i_navigate_back_to_the_cart_page()&amp#27;[0m
  &amp#27;[32mThen &amp#27;[0m&amp#27;[32mI should see the products in the cart after login&amp#27;[0m                     &amp#27;[90m# com.ecommerce.stepDefination.ProductsStepDefinition.i_should_see_the_products_in_the_cart_after_login()&amp#27;[0m
  &amp#27;[32mWhen &amp#27;[0m&amp#27;[32mI remove all products from the cart&amp#27;[0m                                   &amp#27;[90m# com.ecommerce.stepDefination.ProductsStepDefinition.i_remove_all_products_from_the_cart()&amp#27;[0m
  &amp#27;[32mThen &amp#27;[0m&amp#27;[32mI should see Cart is empty! Click here to buy products&amp#27;[0m                &amp#27;[90m# com.ecommerce.stepDefination.ProductsStepDefinition.i_should_see_cart_is_empty_click_here_to_buy_products()&amp#27;[0m
]]></system-out>
    <system-err><![CDATA[Mar 21, 2025 2:31:37 AM org.openqa.selenium.devtools.CdpVersionFinder findNearestMatch
WARNING: Unable to find an exact match for CDP version 134, returning the closest version; found: 132; Please update to a Selenium version that supports CDP version 134
]]></system-err>
  </testcase>
  <testcase name="runScenario[&quot;User places order and registers during checkout&quot;, &quot;Product Search Functionality&quot;](26)" classname="com.ecommerce.testRunners.RegisterRunner" time="62.647">
    <system-out><![CDATA[
@Registerwhilecheckout
Scenario Outline: User places order and registers during checkout                                                                                                                        &amp#27;[90m# src/test/resources/features/Search.feature:131&amp#27;[0m
  &amp#27;[32mGiven &amp#27;[0m&amp#27;[32mUser is on the home page&amp#27;[0m                                                                                                                                                         &amp#27;[90m# com.ecommerce.stepDefination.ProductsStepDefinition.user_is_on_the_home_page()&amp#27;[0m
  &amp#27;[32mWhen &amp#27;[0m&amp#27;[32mI click on products in home page&amp#27;[0m                                                                                                                                                  &amp#27;[90m# com.ecommerce.stepDefination.ProductsStepDefinition.click_products_homepage()&amp#27;[0m
  &amp#27;[32mAnd &amp#27;[0m&amp#27;[32mI add product into cart&amp#27;[0m                                                                                                                                                            &amp#27;[90m# com.ecommerce.stepDefination.ProductsStepDefinition.i_add_product_into_cart()&amp#27;[0m
  &amp#27;[32mAnd &amp#27;[0m&amp#27;[32mI go to cart page&amp#27;[0m                                                                                                                                                                  &amp#27;[90m# com.ecommerce.stepDefination.ProductsStepDefinition.i_go_to_cart_page()&amp#27;[0m
  &amp#27;[32mThen &amp#27;[0m&amp#27;[32mI should able to see the cart page&amp#27;[0m                                                                                                                                                &amp#27;[90m# com.ecommerce.stepDefination.ProductsStepDefinition.i_should_able_to_see_the_cart_page()&amp#27;[0m
  &amp#27;[32mWhen &amp#27;[0m&amp#27;[32mI proceed to checkout&amp#27;[0m                                                                                                                                                             &amp#27;[90m# com.ecommerce.stepDefination.ProductsStepDefinition.i_proceed_to_checkout()&amp#27;[0m
  &amp#27;[32mWhen &amp#27;[0m&amp#27;[32mI click on Register or Login buttons&amp#27;[0m                                                                                                                                              &amp#27;[90m# com.ecommerce.stepDefination.ProductsStepDefinition.i_click_on_register_or_login_buttons()&amp#27;[0m
  &amp#27;[32mWhen &amp#27;[0m&amp#27;[32mI fill in the signup details with &amp#27;[0m&amp#27;[32m&amp#27;[1m"John Doe"&amp#27;[0m&amp#27;[32m, &amp#27;[0m&amp#27;[32m&amp#27;[1m"john14582@example.com"&amp#27;[0m&amp#27;[32m, &amp#27;[0m&amp#27;[32m&amp#27;[1m"Password123"&amp#27;[0m&amp#27;[32m, &amp#27;[0m&amp#27;[32m&amp#27;[1m"John"&amp#27;[0m&amp#27;[32m, &amp#27;[0m&amp#27;[32m&amp#27;[1m"Doe"&amp#27;[0m&amp#27;[32m,&amp#27;[0m&amp#27;[32m&amp#27;[1m"TechCorp"&amp#27;[0m&amp#27;[32m, &amp#27;[0m&amp#27;[32m&amp#27;[1m"123 Main St"&amp#27;[0m&amp#27;[32m, &amp#27;[0m&amp#27;[32m&amp#27;[1m"California"&amp#27;[0m&amp#27;[32m, &amp#27;[0m&amp#27;[32m&amp#27;[1m"Los Angeles"&amp#27;[0m&amp#27;[32m, &amp#27;[0m&amp#27;[32m&amp#27;[1m"90001"&amp#27;[0m&amp#27;[32m, &amp#27;[0m&amp#27;[32m&amp#27;[1m"9876543210"&amp#27;[0m &amp#27;[90m# com.ecommerce.stepDefination.ProductsStepDefinition.i_fill_in_the_signup_details_with(java.lang.String,java.lang.String,java.lang.String,java.lang.String,java.lang.String,java.lang.String,java.lang.String,java.lang.String,java.lang.String,java.lang.String,java.lang.String)&amp#27;[0m
  &amp#27;[32mThen &amp#27;[0m&amp#27;[32mI should see account created message and click continue&amp#27;[0m                                                                                                                           &amp#27;[90m# com.ecommerce.stepDefination.ProductsStepDefinition.i_should_see_account_created_message_and_click_continue()&amp#27;[0m
  &amp#27;[32mThen &amp#27;[0m&amp#27;[32mI should be logged in as user&amp#27;[0m                                                                                                                                                     &amp#27;[90m# com.ecommerce.stepDefination.ProductsStepDefinition.i_should_be_logged_in_as_user()&amp#27;[0m
  &amp#27;[32mWhen &amp#27;[0m&amp#27;[32mI go to cart page again&amp#27;[0m                                                                                                                                                           &amp#27;[90m# com.ecommerce.stepDefination.ProductsStepDefinition.i_go_to_cart_page_again()&amp#27;[0m
  &amp#27;[32mAnd &amp#27;[0m&amp#27;[32mI proceed to checkout after login&amp#27;[0m                                                                                                                                                  &amp#27;[90m# com.ecommerce.stepDefination.ProductsStepDefinition.i_proceed_to_checkout_after_login()&amp#27;[0m
  &amp#27;[32mThen &amp#27;[0m&amp#27;[32mI should see address details and review order section&amp#27;[0m                                                                                                                             &amp#27;[90m# com.ecommerce.stepDefination.ProductsStepDefinition.i_should_see_address_details_and_review_order_section()&amp#27;[0m
  &amp#27;[32mWhen &amp#27;[0m&amp#27;[32mI enter &amp#27;[0m&amp#27;[32m&amp#27;[1m"Please deliver quickly"&amp#27;[0m&amp#27;[32m in comment text area and place the order&amp#27;[0m                                                                                                         &amp#27;[90m# com.ecommerce.stepDefination.ProductsStepDefinition.i_enter_in_comment_text_area_and_place_the_order(java.lang.String)&amp#27;[0m
  &amp#27;[32mAnd &amp#27;[0m&amp#27;[32mI enter payment details with &amp#27;[0m&amp#27;[32m&amp#27;[1m"John Doe"&amp#27;[0m&amp#27;[32m, &amp#27;[0m&amp#27;[32m&amp#27;[1m"4111111111111111"&amp#27;[0m&amp#27;[32m, &amp#27;[0m&amp#27;[32m&amp#27;[1m"123"&amp#27;[0m&amp#27;[32m, &amp#27;[0m&amp#27;[32m&amp#27;[1m"12"&amp#27;[0m&amp#27;[32m, &amp#27;[0m&amp#27;[32m&amp#27;[1m"2026"&amp#27;[0m                                                                                                   &amp#27;[90m# com.ecommerce.stepDefination.ProductsStepDefinition.i_enter_payment_details_with(java.lang.String,java.lang.String,java.lang.String,java.lang.String,java.lang.String)&amp#27;[0m
  &amp#27;[32mAnd &amp#27;[0m&amp#27;[32mI confirm the order&amp#27;[0m                                                                                                                                                                &amp#27;[90m# com.ecommerce.stepDefination.ProductsStepDefinition.i_confirm_the_order()&amp#27;[0m
  &amp#27;[32mThen &amp#27;[0m&amp#27;[32mI should see order confirmation message&amp#27;[0m                                                                                                                                           &amp#27;[90m# com.ecommerce.stepDefination.ProductsStepDefinition.i_should_see_order_confirmation_message()&amp#27;[0m
  &amp#27;[32mWhen &amp#27;[0m&amp#27;[32mI delete my account&amp#27;[0m                                                                                                                                                               &amp#27;[90m# com.ecommerce.stepDefination.ProductsStepDefinition.i_delete_my_account()&amp#27;[0m
  &amp#27;[32mThen &amp#27;[0m&amp#27;[32mI should see account deleted message and click continue&amp#27;[0m                                                                                                                           &amp#27;[90m# com.ecommerce.stepDefination.ProductsStepDefinition.i_should_see_account_deleted_message_and_click_continue()&amp#27;[0m
]]></system-out>
    <system-err><![CDATA[Mar 21, 2025 2:32:18 AM org.openqa.selenium.devtools.CdpVersionFinder findNearestMatch
WARNING: Unable to find an exact match for CDP version 134, returning the closest version; found: 132; Please update to a Selenium version that supports CDP version 134
]]></system-err>
  </testcase>
  <testcase name="runScenario[&quot;User places an order after logging in&quot;, &quot;Product Search Functionality&quot;](27)" classname="com.ecommerce.testRunners.RegisterRunner" time="51.522">
    <system-out><![CDATA[
@placeorderafterlogin
Scenario Outline: User places an order after logging in                            &amp#27;[90m# src/test/resources/features/Search.feature:155&amp#27;[0m
  &amp#27;[32mGiven &amp#27;[0m&amp#27;[32mUser is on the home page&amp#27;[0m                                                   &amp#27;[90m# com.ecommerce.stepDefination.ProductsStepDefinition.user_is_on_the_home_page()&amp#27;[0m
  &amp#27;[32mAnd &amp#27;[0m&amp#27;[32mI click on Signup or Login button&amp#27;[0m                                            &amp#27;[90m# com.ecommerce.stepDefination.ProductsStepDefinition.i_click_on_signup_or_login_button()&amp#27;[0m
  &amp#27;[32mWhen &amp#27;[0m&amp#27;[32mI enter email &amp#27;[0m&amp#27;[32m&amp#27;[1m"bollamakshay756@gmail.com"&amp#27;[0m&amp#27;[32m and password &amp#27;[0m&amp#27;[32m&amp#27;[1m"Akshay2001@"&amp#27;[0m        &amp#27;[90m# com.ecommerce.stepDefination.ProductsStepDefinition.i_enter_email_and_password(java.lang.String,java.lang.String)&amp#27;[0m
  &amp#27;[32mAnd &amp#27;[0m&amp#27;[32mI click on Login button&amp#27;[0m                                                      &amp#27;[90m# com.ecommerce.stepDefination.ProductsStepDefinition.i_click_on_login_button()&amp#27;[0m
  &amp#27;[32mThen &amp#27;[0m&amp#27;[32mI should see Logged in as username at the top&amp#27;[0m                               &amp#27;[90m# com.ecommerce.stepDefination.ProductsStepDefinition.i_should_see_logged_in_as_username_at_the_top()&amp#27;[0m
  &amp#27;[32mAnd &amp#27;[0m&amp#27;[32mI click on products&amp#27;[0m                                                          &amp#27;[90m# com.ecommerce.stepDefination.ProductsStepDefinition.I_click_productss()&amp#27;[0m
  &amp#27;[32mWhen &amp#27;[0m&amp#27;[32mI click on view product&amp#27;[0m                                                     &amp#27;[90m# com.ecommerce.stepDefination.ProductsStepDefinition.I_click_product()&amp#27;[0m
  &amp#27;[32mAnd &amp#27;[0m&amp#27;[32mI click on the Add to cart button&amp#27;[0m                                            &amp#27;[90m# com.ecommerce.stepDefination.ProductsStepDefinition.I_click_card_button()&amp#27;[0m
  &amp#27;[32mThen &amp#27;[0m&amp#27;[32mI click on view cart&amp#27;[0m                                                        &amp#27;[90m# com.ecommerce.stepDefination.ProductsStepDefinition.I_click_view_cart()&amp#27;[0m
  &amp#27;[32mThen &amp#27;[0m&amp#27;[32mI should see the cart page is displayed&amp#27;[0m                                     &amp#27;[90m# com.ecommerce.stepDefination.ProductsStepDefinition.i_should_see_the_cart_page_is_displayed()&amp#27;[0m
  &amp#27;[32mWhen &amp#27;[0m&amp#27;[32mI click on Proceed to Checkout&amp#27;[0m                                              &amp#27;[90m# com.ecommerce.stepDefination.ProductsStepDefinition.i_click_on_proceed_to_checkout()&amp#27;[0m
  &amp#27;[32mThen &amp#27;[0m&amp#27;[32mI should see Address Details and Review Order sections&amp#27;[0m                      &amp#27;[90m# com.ecommerce.stepDefination.ProductsStepDefinition.i_should_see_address_details_and_review_order_sections()&amp#27;[0m
  &amp#27;[32mWhen &amp#27;[0m&amp#27;[32mI enter &amp#27;[0m&amp#27;[32m&amp#27;[1m"Please deliver by 5 PM"&amp#27;[0m&amp#27;[32m in the comment text area&amp#27;[0m                   &amp#27;[90m# com.ecommerce.stepDefination.ProductsStepDefinition.i_enter_in_the_comment_text_area(java.lang.String)&amp#27;[0m
  &amp#27;[32mAnd &amp#27;[0m&amp#27;[32mI click on Place Order button&amp#27;[0m                                                &amp#27;[90m# com.ecommerce.stepDefination.ProductsStepDefinition.i_click_on_place_order_button()&amp#27;[0m
  &amp#27;[32mWhen &amp#27;[0m&amp#27;[32mI enter payment details &amp#27;[0m&amp#27;[32m&amp#27;[1m"John Doe"&amp#27;[0m&amp#27;[32m, &amp#27;[0m&amp#27;[32m&amp#27;[1m"4111111111111111"&amp#27;[0m&amp#27;[32m, &amp#27;[0m&amp#27;[32m&amp#27;[1m"123"&amp#27;[0m&amp#27;[32m, &amp#27;[0m&amp#27;[32m&amp#27;[1m"12"&amp#27;[0m&amp#27;[32m, &amp#27;[0m&amp#27;[32m&amp#27;[1m"2025"&amp#27;[0m &amp#27;[90m# com.ecommerce.stepDefination.ProductsStepDefinition.i_enter_payment_details(java.lang.String,java.lang.String,java.lang.String,java.lang.String,java.lang.String)&amp#27;[0m
  &amp#27;[32mAnd &amp#27;[0m&amp#27;[32mI click on Pay and Confirm Order button&amp#27;[0m                                      &amp#27;[90m# com.ecommerce.stepDefination.ProductsStepDefinition.i_click_on_pay_and_confirm_order_button()&amp#27;[0m
  &amp#27;[32mThen &amp#27;[0m&amp#27;[32mI should see Congratulations! Your order has been confirmed!&amp#27;[0m                &amp#27;[90m# com.ecommerce.stepDefination.ProductsStepDefinition.i_should_see_congratulations_your_order_has_been_confirmed()&amp#27;[0m
  &amp#27;[32mAnd &amp#27;[0m&amp#27;[32mDownload the Invoice&amp#27;[0m                                                         &amp#27;[90m# com.ecommerce.stepDefination.ProductsStepDefinition.download_invoice()&amp#27;[0m
]]></system-out>
    <system-err><![CDATA[Mar 21, 2025 2:33:21 AM org.openqa.selenium.devtools.CdpVersionFinder findNearestMatch
WARNING: Unable to find an exact match for CDP version 134, returning the closest version; found: 132; Please update to a Selenium version that supports CDP version 134
]]></system-err>
  </testcase>
</testsuite>