<?xml version="1.0" encoding="UTF-8"?>
<!-- Generated by org.testng.reporters.JUnitReportReporter -->
<testsuite hostname="DESKTOP-KHFPL78" failures="0" tests="27" name="com.ecommerce.testRunners.RegisterRunner" time="1410.405" errors="1" timestamp="2025-03-21T02:34:12 PDT" skipped="0">
  <testcase classname="com.ecommerce.testRunners.RegisterRunner" name="runScenario" time="108.695"/>
  <testcase classname="com.ecommerce.testRunners.RegisterRunner" name="runScenario" time="142.533"/>
  <testcase classname="com.ecommerce.testRunners.RegisterRunner" name="runScenario" time="34.081"/>
  <testcase classname="com.ecommerce.testRunners.RegisterRunner" name="runScenario" time="187.544">
    <error message="java.util.concurrent.TimeoutException
Build info: version: &#039;4.28.1&#039;, revision: &#039;73f5ad48a2&#039;
System info: os.name: &#039;Windows 10&#039;, os.arch: &#039;amd64&#039;, os.version: &#039;10.0&#039;, java.version: &#039;23.0.2&#039;
Driver info: org.openqa.selenium.chrome.ChromeDriver
Command: [972d8e18a89308618894a4b79d81d519, get {url=https://automationexercise.com/}]
Capabilities {acceptInsecureCerts: false, browserName: chrome, browserVersion: 134.0.6998.118, chrome: {chromedriverVersion: 134.0.6998.90 (219ee74681fc..., userDataDir: C:\Windows\SystemTemp\scope...}, fedcm:accounts: true, goog:chromeOptions: {debuggerAddress: localhost:50394}, networkConnectionEnabled: false, pageLoadStrategy: normal, platformName: windows, proxy: Proxy(), se:cdp: ws://localhost:50394/devtoo..., se:cdpVersion: 134.0.6998.118, setWindowRect: true, strictFileInteractability: false, timeouts: {implicit: 0, pageLoad: 300000, script: 30000}, unhandledPromptBehavior: dismiss and notify, webauthn:extension:credBlob: true, webauthn:extension:largeBlob: true, webauthn:extension:minPinLength: true, webauthn:extension:prf: true, webauthn:virtualAuthenticators: true}
Session ID: 972d8e18a89308618894a4b79d81d519" type="org.openqa.selenium.TimeoutException">
      <![CDATA[org.openqa.selenium.TimeoutException: java.util.concurrent.TimeoutException
Build info: version: '4.28.1', revision: '73f5ad48a2'
System info: os.name: 'Windows 10', os.arch: 'amd64', os.version: '10.0', java.version: '23.0.2'
Driver info: org.openqa.selenium.chrome.ChromeDriver
Command: [972d8e18a89308618894a4b79d81d519, get {url=https://automationexercise.com/}]
Capabilities {acceptInsecureCerts: false, browserName: chrome, browserVersion: 134.0.6998.118, chrome: {chromedriverVersion: 134.0.6998.90 (219ee74681fc..., userDataDir: C:\Windows\SystemTemp\scope...}, fedcm:accounts: true, goog:chromeOptions: {debuggerAddress: localhost:50394}, networkConnectionEnabled: false, pageLoadStrategy: normal, platformName: windows, proxy: Proxy(), se:cdp: ws://localhost:50394/devtoo..., se:cdpVersion: 134.0.6998.118, setWindowRect: true, strictFileInteractability: false, timeouts: {implicit: 0, pageLoad: 300000, script: 30000}, unhandledPromptBehavior: dismiss and notify, webauthn:extension:credBlob: true, webauthn:extension:largeBlob: true, webauthn:extension:minPinLength: true, webauthn:extension:prf: true, webauthn:virtualAuthenticators: true}
Session ID: 972d8e18a89308618894a4b79d81d519
at org.openqa.selenium.remote.http.jdk.JdkHttpClient.execute(JdkHttpClient.java:424)
at org.openqa.selenium.remote.HttpCommandExecutor.execute(HttpCommandExecutor.java:212)
at org.openqa.selenium.remote.service.DriverCommandExecutor.invokeExecute(DriverCommandExecutor.java:216)
at org.openqa.selenium.remote.service.DriverCommandExecutor.execute(DriverCommandExecutor.java:174)
at org.openqa.selenium.remote.RemoteWebDriver.execute(RemoteWebDriver.java:545)
at org.openqa.selenium.remote.RemoteWebDriver.get(RemoteWebDriver.java:313)
at com.ecommerce.utility.Base.getBrowser(Base.java:32)
at com.ecommerce.stepDefination.Hooks.before(Hooks.java:50)
Caused by: java.util.concurrent.TimeoutException
at java.base/java.util.concurrent.CompletableFuture$Timeout.run(CompletableFuture.java:2964)
at java.base/java.util.concurrent.Executors$RunnableAdapter.call(Executors.java:572)
at java.base/java.util.concurrent.FutureTask.run(FutureTask.java:317)
at java.base/java.util.concurrent.ScheduledThreadPoolExecutor$ScheduledFutureTask.run(ScheduledThreadPoolExecutor.java:304)
at java.base/java.util.concurrent.ThreadPoolExecutor.runWorker(ThreadPoolExecutor.java:1144)
at java.base/java.util.concurrent.ThreadPoolExecutor$Worker.run(ThreadPoolExecutor.java:642)
at java.base/java.lang.Thread.run(Thread.java:1575)
]]>
    </error>
  </testcase> <!-- runScenario -->
  <testcase classname="com.ecommerce.testRunners.RegisterRunner" name="runScenario" time="106.264"/>
  <testcase classname="com.ecommerce.testRunners.RegisterRunner" name="runScenario" time="17.000"/>
  <testcase classname="com.ecommerce.testRunners.RegisterRunner" name="runScenario" time="98.092"/>
  <testcase classname="com.ecommerce.testRunners.RegisterRunner" name="runScenario" time="18.655"/>
  <testcase classname="com.ecommerce.testRunners.RegisterRunner" name="runScenario" time="25.106"/>
  <testcase classname="com.ecommerce.testRunners.RegisterRunner" name="runScenario" time="39.596"/>
  <testcase classname="com.ecommerce.testRunners.RegisterRunner" name="runScenario" time="41.501"/>
  <testcase classname="com.ecommerce.testRunners.RegisterRunner" name="runScenario" time="62.646"/>
  <testcase classname="com.ecommerce.testRunners.RegisterRunner" name="runScenario" time="51.521"/>
  <testcase classname="com.ecommerce.testRunners.RegisterRunner" name="runScenario" time="152.039"/>
  <testcase classname="com.ecommerce.testRunners.RegisterRunner" name="runScenario" time="23.389"/>
  <testcase classname="com.ecommerce.testRunners.RegisterRunner" name="runScenario" time="22.751"/>
  <testcase classname="com.ecommerce.testRunners.RegisterRunner" name="runScenario" time="13.675"/>
  <testcase classname="com.ecommerce.testRunners.RegisterRunner" name="runScenario" time="17.642"/>
  <testcase classname="com.ecommerce.testRunners.RegisterRunner" name="runScenario" time="17.436"/>
  <testcase classname="com.ecommerce.testRunners.RegisterRunner" name="runScenario" time="39.777"/>
  <testcase classname="com.ecommerce.testRunners.RegisterRunner" name="runScenario" time="32.931"/>
  <testcase classname="com.ecommerce.testRunners.RegisterRunner" name="runScenario" time="18.093"/>
  <testcase classname="com.ecommerce.testRunners.RegisterRunner" name="runScenario" time="26.355"/>
  <testcase classname="com.ecommerce.testRunners.RegisterRunner" name="runScenario" time="12.367"/>
  <testcase classname="com.ecommerce.testRunners.RegisterRunner" name="runScenario" time="35.055"/>
  <testcase classname="com.ecommerce.testRunners.RegisterRunner" name="runScenario" time="27.455"/>
  <testcase classname="com.ecommerce.testRunners.RegisterRunner" name="runScenario" time="38.206"/>
</testsuite> <!-- com.ecommerce.testRunners.RegisterRunner -->
